{"numTotalTestSuites":344,"numPassedTestSuites":344,"numFailedTestSuites":0,"numPendingTestSuites":0,"numTotalTests":840,"numPassedTests":840,"numFailedTests":0,"numPendingTests":0,"numTodoTests":0,"snapshot":{"added":0,"failure":false,"filesAdded":0,"filesRemoved":0,"filesRemovedList":[],"filesUnmatched":0,"filesUpdated":0,"matched":0,"total":0,"unchecked":0,"uncheckedKeysByFile":[],"unmatched":0,"updated":0,"didUpdate":false},"startTime":1773336146538,"success":true,"testResults":[{"assertionResults":[{"ancestorTitles":["toolNameToMethodName"],"fullName":"toolNameToMethodName should convert snake_case to camelCase","status":"passed","title":"should convert snake_case to camelCase","duration":4.18769999999995,"failureMessages":[],"meta":{}},{"ancestorTitles":["toolNameToMethodName"],"fullName":"toolNameToMethodName should handle multi-word names","status":"passed","title":"should handle multi-word names","duration":0.5634000000000015,"failureMessages":[],"meta":{}},{"ancestorTitles":["toolNameToMethodName"],"fullName":"toolNameToMethodName should handle single-word names","status":"passed","title":"should handle single-word names","duration":0.5561999999999898,"failureMessages":[],"meta":{}},{"ancestorTitles":["toolNameToMethodName"],"fullName":"toolNameToMethodName should keep prefix for github tools","status":"passed","title":"should keep prefix for github tools","duration":0.5329000000001543,"failureMessages":[],"meta":{}},{"ancestorTitles":["toolNameToMethodName"],"fullName":"toolNameToMethodName should keep prefix for team tools","status":"passed","title":"should keep prefix for team tools","duration":0.5320999999999003,"failureMessages":[],"meta":{}},{"ancestorTitles":["toolNameToMethodName"],"fullName":"toolNameToMethodName should handle search tools","status":"passed","title":"should handle search tools","duration":0.6071999999999207,"failureMessages":[],"meta":{}},{"ancestorTitles":["toolNameToMethodName"],"fullName":"toolNameToMethodName should handle admin tools","status":"passed","title":"should handle admin tools","duration":0.6321000000000367,"failureMessages":[],"meta":{}},{"ancestorTitles":["toolNameToMethodName"],"fullName":"toolNameToMethodName should handle backup tools","status":"passed","title":"should handle backup tools","duration":0.6927000000000589,"failureMessages":[],"meta":{}},{"ancestorTitles":["JournalApi","group creation"],"fullName":"JournalApi group creation should create all 9 group namespaces","status":"passed","title":"should create all 9 group namespaces","duration":3.7958000000000993,"failureMessages":[],"meta":{}},{"ancestorTitles":["JournalApi","group creation"],"fullName":"JournalApi group creation should populate groups with methods","status":"passed","title":"should populate groups with methods","duration":1.0230000000001382,"failureMessages":[],"meta":{}},{"ancestorTitles":["JournalApi","group creation"],"fullName":"JournalApi group creation should exclude codemode tools","status":"passed","title":"should exclude codemode tools","duration":3.5452999999999975,"failureMessages":[],"meta":{}},{"ancestorTitles":["JournalApi","method invocation"],"fullName":"JournalApi method invocation should call handler with object params","status":"passed","title":"should call handler with object params","duration":2.5825999999999567,"failureMessages":[],"meta":{}},{"ancestorTitles":["JournalApi","method invocation"],"fullName":"JournalApi method invocation should call handler with positional string arg","status":"passed","title":"should call handler with positional string arg","duration":6.79970000000003,"failureMessages":[],"meta":{}},{"ancestorTitles":["JournalApi","method invocation"],"fullName":"JournalApi method invocation should call handler with positional number arg","status":"passed","title":"should call handler with positional number arg","duration":1.639599999999973,"failureMessages":[],"meta":{}},{"ancestorTitles":["JournalApi","method invocation"],"fullName":"JournalApi method invocation should pass through empty params for no-arg calls","status":"passed","title":"should pass through empty params for no-arg calls","duration":1.2247999999999593,"failureMessages":[],"meta":{}},{"ancestorTitles":["JournalApi","method aliases"],"fullName":"JournalApi method aliases should have core aliases","status":"passed","title":"should have core aliases","duration":0.7013000000001739,"failureMessages":[],"meta":{}},{"ancestorTitles":["JournalApi","method aliases"],"fullName":"JournalApi method aliases should have search aliases","status":"passed","title":"should have search aliases","duration":0.7007999999998447,"failureMessages":[],"meta":{}},{"ancestorTitles":["JournalApi","method aliases"],"fullName":"JournalApi method aliases should have backup aliases","status":"passed","title":"should have backup aliases","duration":0.7453000000000429,"failureMessages":[],"meta":{}},{"ancestorTitles":["JournalApi","help()"],"fullName":"JournalApi help() should provide group-level help","status":"passed","title":"should provide group-level help","duration":1.3659000000000106,"failureMessages":[],"meta":{}},{"ancestorTitles":["JournalApi","help()"],"fullName":"JournalApi help() should include examples in help output","status":"passed","title":"should include examples in help output","duration":0.8817999999998847,"failureMessages":[],"meta":{}},{"ancestorTitles":["JournalApi","getGroups"],"fullName":"JournalApi getGroups should return sorted group names","status":"passed","title":"should return sorted group names","duration":1.496599999999944,"failureMessages":[],"meta":{}},{"ancestorTitles":["JournalApi","getGroupMethods"],"fullName":"JournalApi getGroupMethods should return method names for a group","status":"passed","title":"should return method names for a group","duration":1.0005000000001019,"failureMessages":[],"meta":{}},{"ancestorTitles":["JournalApi","getGroupMethods"],"fullName":"JournalApi getGroupMethods should return empty for unknown group","status":"passed","title":"should return empty for unknown group","duration":0.7610999999999422,"failureMessages":[],"meta":{}},{"ancestorTitles":["JournalApi","createSandboxBindings"],"fullName":"JournalApi createSandboxBindings should include all group namespaces","status":"passed","title":"should include all group namespaces","duration":1.483199999999897,"failureMessages":[],"meta":{}},{"ancestorTitles":["JournalApi","createSandboxBindings"],"fullName":"JournalApi createSandboxBindings should include top-level convenience aliases","status":"passed","title":"should include top-level convenience aliases","duration":0.7346999999999753,"failureMessages":[],"meta":{}},{"ancestorTitles":["JournalApi","createSandboxBindings"],"fullName":"JournalApi createSandboxBindings should include top-level help()","status":"passed","title":"should include top-level help()","duration":0.5157000000001517,"failureMessages":[],"meta":{}},{"ancestorTitles":["JournalApi","createSandboxBindings"],"fullName":"JournalApi createSandboxBindings should return top-level help with groups and totalMethods","status":"passed","title":"should return top-level help with groups and totalMethods","duration":1.0685000000000855,"failureMessages":[],"meta":{}},{"ancestorTitles":["createJournalApi"],"fullName":"createJournalApi should create a JournalApi instance","status":"passed","title":"should create a JournalApi instance","duration":1.0698999999999614,"failureMessages":[],"meta":{}},{"ancestorTitles":["createJournalApi"],"fullName":"createJournalApi should work identically to constructor","status":"passed","title":"should work identically to constructor","duration":0.8765000000000782,"failureMessages":[],"meta":{}}],"startTime":1773336164563,"endTime":1773336164609.8765,"status":"passed","message":"","name":"C:/Users/chris/Desktop/memory-journal-mcp/tests/codemode/api.test.ts"},{"assertionResults":[{"ancestorTitles":["mj_execute_code Tool Handler","tool definition"],"fullName":"mj_execute_code Tool Handler tool definition should be included in tool listing","status":"passed","title":"should be included in tool listing","duration":85.28269999999975,"failureMessages":[],"meta":{}},{"ancestorTitles":["mj_execute_code Tool Handler","tool definition"],"fullName":"mj_execute_code Tool Handler tool definition should have inputSchema (no outputSchema ΓÇö uses text response path)","status":"passed","title":"should have inputSchema (no outputSchema ΓÇö uses text response path)","duration":1.246599999999944,"failureMessages":[],"meta":{}},{"ancestorTitles":["mj_execute_code Tool Handler","tool definition"],"fullName":"mj_execute_code Tool Handler tool definition should have correct description mentioning sandbox and API","status":"passed","title":"should have correct description mentioning sandbox and API","duration":5.833999999999833,"failureMessages":[],"meta":{}},{"ancestorTitles":["mj_execute_code Tool Handler","tool definition"],"fullName":"mj_execute_code Tool Handler tool definition should have annotations with readOnlyHint=false","status":"passed","title":"should have annotations with readOnlyHint=false","duration":1.6039999999998145,"failureMessages":[],"meta":{}},{"ancestorTitles":["mj_execute_code Tool Handler","tool definition"],"fullName":"mj_execute_code Tool Handler tool definition should total 44 tools across all groups","status":"passed","title":"should total 44 tools across all groups","duration":3.077400000000125,"failureMessages":[],"meta":{}},{"ancestorTitles":["mj_execute_code Tool Handler","security validation"],"fullName":"mj_execute_code Tool Handler security validation should reject code with require()","status":"passed","title":"should reject code with require()","duration":6.2047999999999774,"failureMessages":[],"meta":{}},{"ancestorTitles":["mj_execute_code Tool Handler","security validation"],"fullName":"mj_execute_code Tool Handler security validation should reject code with process access","status":"passed","title":"should reject code with process access","duration":3.1678000000001703,"failureMessages":[],"meta":{}},{"ancestorTitles":["mj_execute_code Tool Handler","security validation"],"fullName":"mj_execute_code Tool Handler security validation should reject code with dynamic import","status":"passed","title":"should reject code with dynamic import","duration":1.5366999999996551,"failureMessages":[],"meta":{}},{"ancestorTitles":["mj_execute_code Tool Handler","security validation"],"fullName":"mj_execute_code Tool Handler security validation should reject code with eval()","status":"passed","title":"should reject code with eval()","duration":1.128099999999904,"failureMessages":[],"meta":{}},{"ancestorTitles":["mj_execute_code Tool Handler","security validation"],"fullName":"mj_execute_code Tool Handler security validation should reject code with Function constructor","status":"passed","title":"should reject code with Function constructor","duration":0.7946999999999207,"failureMessages":[],"meta":{}},{"ancestorTitles":["mj_execute_code Tool Handler","security validation"],"fullName":"mj_execute_code Tool Handler security validation should reject code with __proto__ access","status":"passed","title":"should reject code with __proto__ access","duration":0.6860999999998967,"failureMessages":[],"meta":{}},{"ancestorTitles":["mj_execute_code Tool Handler","security validation"],"fullName":"mj_execute_code Tool Handler security validation should reject code with child_process","status":"passed","title":"should reject code with child_process","duration":0.678899999999885,"failureMessages":[],"meta":{}},{"ancestorTitles":["mj_execute_code Tool Handler","security validation"],"fullName":"mj_execute_code Tool Handler security validation should reject code with fs access","status":"passed","title":"should reject code with fs access","duration":0.8125,"failureMessages":[],"meta":{}},{"ancestorTitles":["mj_execute_code Tool Handler","schema validation"],"fullName":"mj_execute_code Tool Handler schema validation should reject missing code parameter","status":"passed","title":"should reject missing code parameter","duration":2.763600000000224,"failureMessages":[],"meta":{}},{"ancestorTitles":["mj_execute_code Tool Handler","schema validation"],"fullName":"mj_execute_code Tool Handler schema validation should reject empty string code","status":"passed","title":"should reject empty string code","duration":0.9162000000001171,"failureMessages":[],"meta":{}}],"startTime":1773336161607,"endTime":1773336161727.9163,"status":"passed","message":"","name":"C:/Users/chris/Desktop/memory-journal-mcp/tests/codemode/codemode-tool-handlers.test.ts"},{"assertionResults":[{"ancestorTitles":["Sandbox Factory","default mode"],"fullName":"Sandbox Factory default mode should default to worker mode","status":"passed","title":"should default to worker mode","duration":4.7228000000000065,"failureMessages":[],"meta":{}},{"ancestorTitles":["Sandbox Factory","default mode"],"fullName":"Sandbox Factory default mode should allow setting to vm mode","status":"passed","title":"should allow setting to vm mode","duration":0.7026000000000749,"failureMessages":[],"meta":{}},{"ancestorTitles":["Sandbox Factory","default mode"],"fullName":"Sandbox Factory default mode should allow setting back to worker mode","status":"passed","title":"should allow setting back to worker mode","duration":0.508600000000115,"failureMessages":[],"meta":{}},{"ancestorTitles":["Sandbox Factory","getAvailableSandboxModes"],"fullName":"Sandbox Factory getAvailableSandboxModes should return both vm and worker modes","status":"passed","title":"should return both vm and worker modes","duration":4.40910000000008,"failureMessages":[],"meta":{}},{"ancestorTitles":["Sandbox Factory","createSandbox"],"fullName":"Sandbox Factory createSandbox should create a VM sandbox when mode is vm","status":"passed","title":"should create a VM sandbox when mode is vm","duration":1.1286000000000058,"failureMessages":[],"meta":{}},{"ancestorTitles":["Sandbox Factory","createSandbox"],"fullName":"Sandbox Factory createSandbox should create a Worker sandbox when mode is worker","status":"passed","title":"should create a Worker sandbox when mode is worker","duration":0.723700000000008,"failureMessages":[],"meta":{}},{"ancestorTitles":["Sandbox Factory","createSandbox"],"fullName":"Sandbox Factory createSandbox should use default mode when not specified","status":"passed","title":"should use default mode when not specified","duration":0.29399999999986903,"failureMessages":[],"meta":{}},{"ancestorTitles":["Sandbox Factory","createSandbox"],"fullName":"Sandbox Factory createSandbox should throw for unknown mode","status":"passed","title":"should throw for unknown mode","duration":3.5674000000001342,"failureMessages":[],"meta":{}},{"ancestorTitles":["Sandbox Factory","createSandboxPool"],"fullName":"Sandbox Factory createSandboxPool should create a VM pool when mode is vm","status":"passed","title":"should create a VM pool when mode is vm","duration":2.3542999999999665,"failureMessages":[],"meta":{}},{"ancestorTitles":["Sandbox Factory","createSandboxPool"],"fullName":"Sandbox Factory createSandboxPool should create a Worker pool when mode is worker","status":"passed","title":"should create a Worker pool when mode is worker","duration":1.0859000000000378,"failureMessages":[],"meta":{}},{"ancestorTitles":["Sandbox Factory","createSandboxPool"],"fullName":"Sandbox Factory createSandboxPool should use default mode when not specified","status":"passed","title":"should use default mode when not specified","duration":0.40640000000007603,"failureMessages":[],"meta":{}},{"ancestorTitles":["Sandbox Factory","createSandboxPool"],"fullName":"Sandbox Factory createSandboxPool should throw for unknown mode","status":"passed","title":"should throw for unknown mode","duration":0.7408000000000357,"failureMessages":[],"meta":{}},{"ancestorTitles":["Sandbox Factory","getSandboxModeInfo"],"fullName":"Sandbox Factory getSandboxModeInfo should return VM info","status":"passed","title":"should return VM info","duration":0.9076000000000022,"failureMessages":[],"meta":{}},{"ancestorTitles":["Sandbox Factory","getSandboxModeInfo"],"fullName":"Sandbox Factory getSandboxModeInfo should return Worker info","status":"passed","title":"should return Worker info","duration":0.626299999999901,"failureMessages":[],"meta":{}},{"ancestorTitles":["Sandbox Factory","getSandboxModeInfo"],"fullName":"Sandbox Factory getSandboxModeInfo should use default mode when not specified","status":"passed","title":"should use default mode when not specified","duration":0.46059999999988577,"failureMessages":[],"meta":{}},{"ancestorTitles":["Sandbox Factory","getSandboxModeInfo"],"fullName":"Sandbox Factory getSandboxModeInfo should throw for unknown mode","status":"passed","title":"should throw for unknown mode","duration":0.8058999999998377,"failureMessages":[],"meta":{}}],"startTime":1773336164717,"endTime":1773336164742.806,"status":"passed","message":"","name":"C:/Users/chris/Desktop/memory-journal-mcp/tests/codemode/sandbox-factory.test.ts"},{"assertionResults":[{"ancestorTitles":["CodeModeSandbox","construction"],"fullName":"CodeModeSandbox construction should create with default options","status":"passed","title":"should create with default options","duration":4.5538000000001375,"failureMessages":[],"meta":{}},{"ancestorTitles":["CodeModeSandbox","construction"],"fullName":"CodeModeSandbox construction should accept custom options","status":"passed","title":"should accept custom options","duration":0.7382000000000062,"failureMessages":[],"meta":{}},{"ancestorTitles":["CodeModeSandbox","cache"],"fullName":"CodeModeSandbox cache should start with empty cache","status":"passed","title":"should start with empty cache","duration":0.7530000000001564,"failureMessages":[],"meta":{}},{"ancestorTitles":["CodeModeSandbox","cache"],"fullName":"CodeModeSandbox cache should clear cache without errors","status":"passed","title":"should clear cache without errors","duration":0.7059999999999036,"failureMessages":[],"meta":{}},{"ancestorTitles":["CodeModeSandbox","cache"],"fullName":"CodeModeSandbox cache should report cache size as a number","status":"passed","title":"should report cache size as a number","duration":0.5535999999999603,"failureMessages":[],"meta":{}},{"ancestorTitles":["SandboxPool"],"fullName":"SandboxPool should create with default options","status":"passed","title":"should create with default options","duration":1.1289999999999054,"failureMessages":[],"meta":{}},{"ancestorTitles":["SandboxPool"],"fullName":"SandboxPool should create with custom options","status":"passed","title":"should create with custom options","duration":0.3104000000000724,"failureMessages":[],"meta":{}},{"ancestorTitles":["SandboxPool"],"fullName":"SandboxPool should track active count starting at zero","status":"passed","title":"should track active count starting at zero","duration":0.22879999999986467,"failureMessages":[],"meta":{}},{"ancestorTitles":["SandboxPool"],"fullName":"SandboxPool should have a unique pool ID","status":"passed","title":"should have a unique pool ID","duration":2.599999999999909,"failureMessages":[],"meta":{}},{"ancestorTitles":["SandboxPool"],"fullName":"SandboxPool should generate valid UUID pool IDs","status":"passed","title":"should generate valid UUID pool IDs","duration":0.889699999999948,"failureMessages":[],"meta":{}}],"startTime":1773336164905,"endTime":1773336164918.8896,"status":"passed","message":"","name":"C:/Users/chris/Desktop/memory-journal-mcp/tests/codemode/sandbox.test.ts"},{"assertionResults":[{"ancestorTitles":["CodeModeSecurityManager","validateCode"],"fullName":"CodeModeSecurityManager validateCode should accept valid code","status":"passed","title":"should accept valid code","duration":8.710100000000011,"failureMessages":[],"meta":{}},{"ancestorTitles":["CodeModeSecurityManager","validateCode"],"fullName":"CodeModeSecurityManager validateCode should reject empty code","status":"passed","title":"should reject empty code","duration":3.259800000000041,"failureMessages":[],"meta":{}},{"ancestorTitles":["CodeModeSecurityManager","validateCode"],"fullName":"CodeModeSecurityManager validateCode should reject code exceeding max length","status":"passed","title":"should reject code exceeding max length","duration":0.8260999999999967,"failureMessages":[],"meta":{}},{"ancestorTitles":["CodeModeSecurityManager","validateCode"],"fullName":"CodeModeSecurityManager validateCode should reject require() calls","status":"passed","title":"should reject require() calls","duration":0.7743000000000393,"failureMessages":[],"meta":{}},{"ancestorTitles":["CodeModeSecurityManager","validateCode"],"fullName":"CodeModeSecurityManager validateCode should reject dynamic import()","status":"passed","title":"should reject dynamic import()","duration":0.9106999999999061,"failureMessages":[],"meta":{}},{"ancestorTitles":["CodeModeSecurityManager","validateCode"],"fullName":"CodeModeSecurityManager validateCode should reject process access","status":"passed","title":"should reject process access","duration":0.5025000000000546,"failureMessages":[],"meta":{}},{"ancestorTitles":["CodeModeSecurityManager","validateCode"],"fullName":"CodeModeSecurityManager validateCode should reject global access","status":"passed","title":"should reject global access","duration":0.41650000000004184,"failureMessages":[],"meta":{}},{"ancestorTitles":["CodeModeSecurityManager","validateCode"],"fullName":"CodeModeSecurityManager validateCode should reject globalThis access","status":"passed","title":"should reject globalThis access","duration":0.39869999999996253,"failureMessages":[],"meta":{}},{"ancestorTitles":["CodeModeSecurityManager","validateCode"],"fullName":"CodeModeSecurityManager validateCode should reject eval()","status":"passed","title":"should reject eval()","duration":0.4738999999999578,"failureMessages":[],"meta":{}},{"ancestorTitles":["CodeModeSecurityManager","validateCode"],"fullName":"CodeModeSecurityManager validateCode should reject Function constructor","status":"passed","title":"should reject Function constructor","duration":0.5312000000001262,"failureMessages":[],"meta":{}},{"ancestorTitles":["CodeModeSecurityManager","validateCode"],"fullName":"CodeModeSecurityManager validateCode should reject __proto__ access","status":"passed","title":"should reject __proto__ access","duration":0.3523000000000138,"failureMessages":[],"meta":{}},{"ancestorTitles":["CodeModeSecurityManager","validateCode"],"fullName":"CodeModeSecurityManager validateCode should reject constructor.constructor chaining","status":"passed","title":"should reject constructor.constructor chaining","duration":0.3612000000000535,"failureMessages":[],"meta":{}},{"ancestorTitles":["CodeModeSecurityManager","validateCode"],"fullName":"CodeModeSecurityManager validateCode should reject child_process","status":"passed","title":"should reject child_process","duration":0.37210000000004584,"failureMessages":[],"meta":{}},{"ancestorTitles":["CodeModeSecurityManager","validateCode"],"fullName":"CodeModeSecurityManager validateCode should reject fs access","status":"passed","title":"should reject fs access","duration":0.30970000000002074,"failureMessages":[],"meta":{}},{"ancestorTitles":["CodeModeSecurityManager","validateCode"],"fullName":"CodeModeSecurityManager validateCode should reject net access","status":"passed","title":"should reject net access","duration":0.383199999999988,"failureMessages":[],"meta":{}},{"ancestorTitles":["CodeModeSecurityManager","validateCode"],"fullName":"CodeModeSecurityManager validateCode should reject http access","status":"passed","title":"should reject http access","duration":0.36590000000001055,"failureMessages":[],"meta":{}},{"ancestorTitles":["CodeModeSecurityManager","validateCode"],"fullName":"CodeModeSecurityManager validateCode should reject https access","status":"passed","title":"should reject https access","duration":0.3569999999999709,"failureMessages":[],"meta":{}},{"ancestorTitles":["CodeModeSecurityManager","validateCode"],"fullName":"CodeModeSecurityManager validateCode should reject bracket-notation constructor access","status":"passed","title":"should reject bracket-notation constructor access","duration":0.5824999999999818,"failureMessages":[],"meta":{}},{"ancestorTitles":["CodeModeSecurityManager","validateCode"],"fullName":"CodeModeSecurityManager validateCode should reject Reflect.construct","status":"passed","title":"should reject Reflect.construct","duration":0.4033000000001721,"failureMessages":[],"meta":{}},{"ancestorTitles":["CodeModeSecurityManager","validateCode"],"fullName":"CodeModeSecurityManager validateCode should accumulate multiple violations","status":"passed","title":"should accumulate multiple violations","duration":0.6899000000000797,"failureMessages":[],"meta":{}},{"ancestorTitles":["CodeModeSecurityManager","validateCode"],"fullName":"CodeModeSecurityManager validateCode should allow safe API calls","status":"passed","title":"should allow safe API calls","duration":0.44590000000016516,"failureMessages":[],"meta":{}},{"ancestorTitles":["CodeModeSecurityManager","checkRateLimit"],"fullName":"CodeModeSecurityManager checkRateLimit should allow first execution","status":"passed","title":"should allow first execution","duration":0.5949000000000524,"failureMessages":[],"meta":{}},{"ancestorTitles":["CodeModeSecurityManager","checkRateLimit"],"fullName":"CodeModeSecurityManager checkRateLimit should allow up to maxExecutionsPerMinute","status":"passed","title":"should allow up to maxExecutionsPerMinute","duration":0.6461000000001604,"failureMessages":[],"meta":{}},{"ancestorTitles":["CodeModeSecurityManager","checkRateLimit"],"fullName":"CodeModeSecurityManager checkRateLimit should track clients independently","status":"passed","title":"should track clients independently","duration":0.5270999999997912,"failureMessages":[],"meta":{}},{"ancestorTitles":["CodeModeSecurityManager","checkRateLimit"],"fullName":"CodeModeSecurityManager checkRateLimit should reset after window expires","status":"passed","title":"should reset after window expires","duration":0.7470000000000709,"failureMessages":[],"meta":{}},{"ancestorTitles":["CodeModeSecurityManager","cleanupRateLimits"],"fullName":"CodeModeSecurityManager cleanupRateLimits should not throw when empty","status":"passed","title":"should not throw when empty","duration":2.3934999999999036,"failureMessages":[],"meta":{}},{"ancestorTitles":["CodeModeSecurityManager","cleanupRateLimits"],"fullName":"CodeModeSecurityManager cleanupRateLimits should remove expired entries","status":"passed","title":"should remove expired entries","duration":0.41970000000014807,"failureMessages":[],"meta":{}},{"ancestorTitles":["CodeModeSecurityManager","validateResultSize"],"fullName":"CodeModeSecurityManager validateResultSize should accept small results","status":"passed","title":"should accept small results","duration":0.559400000000096,"failureMessages":[],"meta":{}},{"ancestorTitles":["CodeModeSecurityManager","validateResultSize"],"fullName":"CodeModeSecurityManager validateResultSize should reject oversized results","status":"passed","title":"should reject oversized results","duration":0.5092999999999392,"failureMessages":[],"meta":{}},{"ancestorTitles":["CodeModeSecurityManager","validateResultSize"],"fullName":"CodeModeSecurityManager validateResultSize should reject non-serializable results","status":"passed","title":"should reject non-serializable results","duration":42.04809999999998,"failureMessages":[],"meta":{}},{"ancestorTitles":["CodeModeSecurityManager","getConfig"],"fullName":"CodeModeSecurityManager getConfig should return default config","status":"passed","title":"should return default config","duration":1.1001999999998588,"failureMessages":[],"meta":{}},{"ancestorTitles":["CodeModeSecurityManager","getConfig"],"fullName":"CodeModeSecurityManager getConfig should reflect custom config","status":"passed","title":"should reflect custom config","duration":0.3533999999999651,"failureMessages":[],"meta":{}}],"startTime":1773336163113,"endTime":1773336163187.3535,"status":"passed","message":"","name":"C:/Users/chris/Desktop/memory-journal-mcp/tests/codemode/security.test.ts"},{"assertionResults":[{"ancestorTitles":["Tool group icons"],"fullName":"Tool group icons 'ICON_CORE' should have valid SVG data URI","status":"passed","title":"'ICON_CORE' should have valid SVG data URI","duration":7.227499999999964,"failureMessages":[],"meta":{}},{"ancestorTitles":["Tool group icons"],"fullName":"Tool group icons 'ICON_SEARCH' should have valid SVG data URI","status":"passed","title":"'ICON_SEARCH' should have valid SVG data URI","duration":1.727999999999838,"failureMessages":[],"meta":{}},{"ancestorTitles":["Tool group icons"],"fullName":"Tool group icons 'ICON_ANALYTICS' should have valid SVG data URI","status":"passed","title":"'ICON_ANALYTICS' should have valid SVG data URI","duration":1.4876999999999043,"failureMessages":[],"meta":{}},{"ancestorTitles":["Tool group icons"],"fullName":"Tool group icons 'ICON_RELATIONSHIPS' should have valid SVG data URI","status":"passed","title":"'ICON_RELATIONSHIPS' should have valid SVG data URI","duration":1.8342999999999847,"failureMessages":[],"meta":{}},{"ancestorTitles":["Tool group icons"],"fullName":"Tool group icons 'ICON_EXPORT' should have valid SVG data URI","status":"passed","title":"'ICON_EXPORT' should have valid SVG data URI","duration":0.7554999999999836,"failureMessages":[],"meta":{}},{"ancestorTitles":["Tool group icons"],"fullName":"Tool group icons 'ICON_ADMIN' should have valid SVG data URI","status":"passed","title":"'ICON_ADMIN' should have valid SVG data URI","duration":0.6404999999999745,"failureMessages":[],"meta":{}},{"ancestorTitles":["Tool group icons"],"fullName":"Tool group icons 'ICON_GITHUB' should have valid SVG data URI","status":"passed","title":"'ICON_GITHUB' should have valid SVG data URI","duration":0.6553000000001248,"failureMessages":[],"meta":{}},{"ancestorTitles":["Tool group icons"],"fullName":"Tool group icons 'ICON_BACKUP' should have valid SVG data URI","status":"passed","title":"'ICON_BACKUP' should have valid SVG data URI","duration":0.6313999999999851,"failureMessages":[],"meta":{}},{"ancestorTitles":["Resource icons"],"fullName":"Resource icons 'ICON_BRIEFING' should have valid SVG data URI","status":"passed","title":"'ICON_BRIEFING' should have valid SVG data URI","duration":0.7465000000001965,"failureMessages":[],"meta":{}},{"ancestorTitles":["Resource icons"],"fullName":"Resource icons 'ICON_CLOCK' should have valid SVG data URI","status":"passed","title":"'ICON_CLOCK' should have valid SVG data URI","duration":0.6440000000000055,"failureMessages":[],"meta":{}},{"ancestorTitles":["Resource icons"],"fullName":"Resource icons 'ICON_TAG' should have valid SVG data URI","status":"passed","title":"'ICON_TAG' should have valid SVG data URI","duration":0.39409999999998035,"failureMessages":[],"meta":{}},{"ancestorTitles":["Resource icons"],"fullName":"Resource icons 'ICON_STAR' should have valid SVG data URI","status":"passed","title":"'ICON_STAR' should have valid SVG data URI","duration":0.4393999999999778,"failureMessages":[],"meta":{}},{"ancestorTitles":["Resource icons"],"fullName":"Resource icons 'ICON_ISSUE' should have valid SVG data URI","status":"passed","title":"'ICON_ISSUE' should have valid SVG data URI","duration":0.401299999999992,"failureMessages":[],"meta":{}},{"ancestorTitles":["Resource icons"],"fullName":"Resource icons 'ICON_PR' should have valid SVG data URI","status":"passed","title":"'ICON_PR' should have valid SVG data URI","duration":0.3735999999998967,"failureMessages":[],"meta":{}},{"ancestorTitles":["Resource icons"],"fullName":"Resource icons 'ICON_PROMPT' should have valid SVG data URI","status":"passed","title":"'ICON_PROMPT' should have valid SVG data URI","duration":0.3855999999998403,"failureMessages":[],"meta":{}},{"ancestorTitles":["getToolIcon"],"fullName":"getToolIcon should return icon array for valid groups","status":"passed","title":"should return icon array for valid groups","duration":2.2591999999999643,"failureMessages":[],"meta":{}},{"ancestorTitles":["getToolIcon"],"fullName":"getToolIcon should return undefined for unknown group","status":"passed","title":"should return undefined for unknown group","duration":0.3734999999999218,"failureMessages":[],"meta":{}}],"startTime":1773336162782,"endTime":1773336162805.3735,"status":"passed","message":"","name":"C:/Users/chris/Desktop/memory-journal-mcp/tests/constants/icons.test.ts"},{"assertionResults":[{"ancestorTitles":["generateInstructions","essential level"],"fullName":"generateInstructions essential level should return non-empty string","status":"passed","title":"should return non-empty string","duration":4.190299999999979,"failureMessages":[],"meta":{}},{"ancestorTitles":["generateInstructions","essential level"],"fullName":"generateInstructions essential level should include core behaviors","status":"passed","title":"should include core behaviors","duration":1.0938000000001011,"failureMessages":[],"meta":{}},{"ancestorTitles":["generateInstructions","essential level"],"fullName":"generateInstructions essential level should include Quick Access table","status":"passed","title":"should include Quick Access table","duration":1.1838999999999942,"failureMessages":[],"meta":{}},{"ancestorTitles":["generateInstructions","essential level"],"fullName":"generateInstructions essential level should include all three Behaviors bullets","status":"passed","title":"should include all three Behaviors bullets","duration":0.8525999999999385,"failureMessages":[],"meta":{}},{"ancestorTitles":["generateInstructions","essential level"],"fullName":"generateInstructions essential level should not include tool parameter reference","status":"passed","title":"should not include tool parameter reference","duration":0.8174000000001342,"failureMessages":[],"meta":{}},{"ancestorTitles":["generateInstructions","essential level"],"fullName":"generateInstructions essential level should not include GitHub Integration heading","status":"passed","title":"should not include GitHub Integration heading","duration":0.4454999999998108,"failureMessages":[],"meta":{}},{"ancestorTitles":["generateInstructions","essential level"],"fullName":"generateInstructions essential level should not include Session End section (replaced by session-summary prompt)","status":"passed","title":"should not include Session End section (replaced by session-summary prompt)","duration":0.4876999999999043,"failureMessages":[],"meta":{}},{"ancestorTitles":["generateInstructions","essential level"],"fullName":"generateInstructions essential level should include Rule & Skill Suggestions section","status":"passed","title":"should include Rule & Skill Suggestions section","duration":0.4795999999998912,"failureMessages":[],"meta":{}},{"ancestorTitles":["generateInstructions","standard level"],"fullName":"generateInstructions standard level should include GitHub instructions","status":"passed","title":"should include GitHub instructions","duration":0.5733999999999924,"failureMessages":[],"meta":{}},{"ancestorTitles":["generateInstructions","standard level"],"fullName":"generateInstructions standard level should include GitHub integration patterns","status":"passed","title":"should include GitHub integration patterns","duration":1.2813000000001011,"failureMessages":[],"meta":{}},{"ancestorTitles":["generateInstructions","standard level"],"fullName":"generateInstructions standard level should not include tool parameter reference","status":"passed","title":"should not include tool parameter reference","duration":0.49660000000017135,"failureMessages":[],"meta":{}},{"ancestorTitles":["generateInstructions","full level"],"fullName":"generateInstructions full level should include tool parameter reference","status":"passed","title":"should include tool parameter reference","duration":1.1997999999998683,"failureMessages":[],"meta":{}},{"ancestorTitles":["generateInstructions","full level"],"fullName":"generateInstructions full level should include active tools listing","status":"passed","title":"should include active tools listing","duration":0.6217000000001462,"failureMessages":[],"meta":{}},{"ancestorTitles":["generateInstructions","full level"],"fullName":"generateInstructions full level should include prompts section","status":"passed","title":"should include prompts section","duration":0.6505999999999403,"failureMessages":[],"meta":{}},{"ancestorTitles":["generateInstructions","full level"],"fullName":"generateInstructions full level should include key resources section","status":"passed","title":"should include key resources section","duration":0.4312999999999647,"failureMessages":[],"meta":{}},{"ancestorTitles":["generateInstructions","full level ΓÇö entry operations tools"],"fullName":"generateInstructions full level ΓÇö entry operations tools should list all 7 entry operation tools","status":"passed","title":"should list all 7 entry operation tools","duration":1.040599999999813,"failureMessages":[],"meta":{}},{"ancestorTitles":["generateInstructions","full level ΓÇö entry operations tools"],"fullName":"generateInstructions full level ΓÇö entry operations tools should document correct get_recent_entries default limit of 5","status":"passed","title":"should document correct get_recent_entries default limit of 5","duration":0.44039999999995416,"failureMessages":[],"meta":{}},{"ancestorTitles":["generateInstructions","full level ΓÇö entry operations tools"],"fullName":"generateInstructions full level ΓÇö entry operations tools should document get_entry_by_id include_relationships param","status":"passed","title":"should document get_entry_by_id include_relationships param","duration":0.47119999999995343,"failureMessages":[],"meta":{}},{"ancestorTitles":["generateInstructions","full level ΓÇö entry operations tools"],"fullName":"generateInstructions full level ΓÇö entry operations tools should document create_entry GitHub linking params","status":"passed","title":"should document create_entry GitHub linking params","duration":0.6485999999999876,"failureMessages":[],"meta":{}},{"ancestorTitles":["generateInstructions","full level ΓÇö search tools"],"fullName":"generateInstructions full level ΓÇö search tools should list all 4 search tools","status":"passed","title":"should list all 4 search tools","duration":0.7349999999999,"failureMessages":[],"meta":{}},{"ancestorTitles":["generateInstructions","full level ΓÇö search tools"],"fullName":"generateInstructions full level ΓÇö search tools should document correct similarity_threshold default of 0.25","status":"passed","title":"should document correct similarity_threshold default of 0.25","duration":0.5265999999999167,"failureMessages":[],"meta":{}},{"ancestorTitles":["generateInstructions","full level ΓÇö search tools"],"fullName":"generateInstructions full level ΓÇö search tools should document search_entries filter params","status":"passed","title":"should document search_entries filter params","duration":0.4817000000000462,"failureMessages":[],"meta":{}},{"ancestorTitles":["generateInstructions","full level ΓÇö search tools"],"fullName":"generateInstructions full level ΓÇö search tools should document hint_on_empty param for semantic_search","status":"passed","title":"should document hint_on_empty param for semantic_search","duration":0.5253000000000156,"failureMessages":[],"meta":{}},{"ancestorTitles":["generateInstructions","full level ΓÇö relationship tools"],"fullName":"generateInstructions full level ΓÇö relationship tools should list both relationship tools","status":"passed","title":"should list both relationship tools","duration":0.5166999999999007,"failureMessages":[],"meta":{}},{"ancestorTitles":["generateInstructions","full level ΓÇö relationship tools"],"fullName":"generateInstructions full level ΓÇö relationship tools should list all 8 relationship types including causal","status":"passed","title":"should list all 8 relationship types including causal","duration":0.991800000000012,"failureMessages":[],"meta":{}},{"ancestorTitles":["generateInstructions","full level ΓÇö relationship tools"],"fullName":"generateInstructions full level ΓÇö relationship tools should document visualize_relationships optional params","status":"passed","title":"should document visualize_relationships optional params","duration":0.602100000000064,"failureMessages":[],"meta":{}},{"ancestorTitles":["generateInstructions","full level ΓÇö github tools"],"fullName":"generateInstructions full level ΓÇö github tools should list all 5 GitHub read tools","status":"passed","title":"should list all 5 GitHub read tools","duration":0.7192999999999756,"failureMessages":[],"meta":{}},{"ancestorTitles":["generateInstructions","full level ΓÇö github tools"],"fullName":"generateInstructions full level ΓÇö github tools should document get_repo_insights tool","status":"passed","title":"should document get_repo_insights tool","duration":2.5339000000001306,"failureMessages":[],"meta":{}},{"ancestorTitles":["generateInstructions","full level ΓÇö github tools"],"fullName":"generateInstructions full level ΓÇö github tools should document owner/repo auto-detection","status":"passed","title":"should document owner/repo auto-detection","duration":0.5132999999998447,"failureMessages":[],"meta":{}},{"ancestorTitles":["generateInstructions","full level ΓÇö issue lifecycle tools"],"fullName":"generateInstructions full level ΓÇö issue lifecycle tools should include Issue Lifecycle Tools section","status":"passed","title":"should include Issue Lifecycle Tools section","duration":0.34629999999992833,"failureMessages":[],"meta":{}},{"ancestorTitles":["generateInstructions","full level ΓÇö issue lifecycle tools"],"fullName":"generateInstructions full level ΓÇö issue lifecycle tools should document create_github_issue_with_entry","status":"passed","title":"should document create_github_issue_with_entry","duration":0.6967000000001917,"failureMessages":[],"meta":{}},{"ancestorTitles":["generateInstructions","full level ΓÇö issue lifecycle tools"],"fullName":"generateInstructions full level ΓÇö issue lifecycle tools should document close_github_issue_with_entry","status":"passed","title":"should document close_github_issue_with_entry","duration":0.6800000000000637,"failureMessages":[],"meta":{}},{"ancestorTitles":["generateInstructions","full level ΓÇö kanban tools"],"fullName":"generateInstructions full level ΓÇö kanban tools should list both kanban tools","status":"passed","title":"should list both kanban tools","duration":0.5266999999998916,"failureMessages":[],"meta":{}},{"ancestorTitles":["generateInstructions","full level ΓÇö kanban tools"],"fullName":"generateInstructions full level ΓÇö kanban tools should document kanban resources","status":"passed","title":"should document kanban resources","duration":0.32960000000002765,"failureMessages":[],"meta":{}},{"ancestorTitles":["generateInstructions","full level ΓÇö kanban tools"],"fullName":"generateInstructions full level ΓÇö kanban tools should document default status columns","status":"passed","title":"should document default status columns","duration":0.46469999999999345,"failureMessages":[],"meta":{}},{"ancestorTitles":["generateInstructions","full level ΓÇö milestone tools"],"fullName":"generateInstructions full level ΓÇö milestone tools should list all 5 milestone tools","status":"passed","title":"should list all 5 milestone tools","duration":0.6407999999998992,"failureMessages":[],"meta":{}},{"ancestorTitles":["generateInstructions","full level ΓÇö milestone tools"],"fullName":"generateInstructions full level ΓÇö milestone tools should document milestone resources","status":"passed","title":"should document milestone resources","duration":0.42639999999983047,"failureMessages":[],"meta":{}},{"ancestorTitles":["generateInstructions","full level ΓÇö admin tools"],"fullName":"generateInstructions full level ΓÇö admin tools should list all admin tools with correct param names","status":"passed","title":"should list all admin tools with correct param names","duration":0.7481999999999971,"failureMessages":[],"meta":{}},{"ancestorTitles":["generateInstructions","full level ΓÇö admin tools"],"fullName":"generateInstructions full level ΓÇö admin tools should use correct param name for backup_journal (name, not backup_name)","status":"passed","title":"should use correct param name for backup_journal (name, not backup_name)","duration":0.3405999999999949,"failureMessages":[],"meta":{}},{"ancestorTitles":["generateInstructions","full level ΓÇö admin tools"],"fullName":"generateInstructions full level ΓÇö admin tools should use correct param name for restore_backup (filename, not backup_filename)","status":"passed","title":"should use correct param name for restore_backup (filename, not backup_filename)","duration":0.3348000000000866,"failureMessages":[],"meta":{}},{"ancestorTitles":["generateInstructions","full level ΓÇö admin tools"],"fullName":"generateInstructions full level ΓÇö admin tools should document cleanup_backups keep_count param","status":"passed","title":"should document cleanup_backups keep_count param","duration":0.30340000000001055,"failureMessages":[],"meta":{}},{"ancestorTitles":["generateInstructions","full level ΓÇö export tools"],"fullName":"generateInstructions full level ΓÇö export tools should document export_entries with all optional params","status":"passed","title":"should document export_entries with all optional params","duration":0.3891999999998461,"failureMessages":[],"meta":{}},{"ancestorTitles":["generateInstructions","full level ΓÇö entry types"],"fullName":"generateInstructions full level ΓÇö entry types should list all 13 entry types","status":"passed","title":"should list all 13 entry types","duration":1.4230000000000018,"failureMessages":[],"meta":{}},{"ancestorTitles":["generateInstructions","full level ΓÇö field notes"],"fullName":"generateInstructions full level ΓÇö field notes should include autoContext field note","status":"passed","title":"should include autoContext field note","duration":0.34750000000008185,"failureMessages":[],"meta":{}},{"ancestorTitles":["generateInstructions","full level ΓÇö field notes"],"fullName":"generateInstructions full level ΓÇö field notes should include memory://tags vs list_tags note","status":"passed","title":"should include memory://tags vs list_tags note","duration":0.35179999999991196,"failureMessages":[],"meta":{}},{"ancestorTitles":["generateInstructions","full level ΓÇö field notes"],"fullName":"generateInstructions full level ΓÇö field notes should include tag naming guidance","status":"passed","title":"should include tag naming guidance","duration":0.42889999999988504,"failureMessages":[],"meta":{}},{"ancestorTitles":["generateInstructions","full level ΓÇö field notes"],"fullName":"generateInstructions full level ΓÇö field notes should include prStatus field note","status":"passed","title":"should include prStatus field note","duration":0.3430000000000746,"failureMessages":[],"meta":{}},{"ancestorTitles":["generateInstructions","full level ΓÇö field notes"],"fullName":"generateInstructions full level ΓÇö field notes should include restore_backup behavior note","status":"passed","title":"should include restore_backup behavior note","duration":0.3204000000000633,"failureMessages":[],"meta":{}},{"ancestorTitles":["generateInstructions","full level ΓÇö field notes"],"fullName":"generateInstructions full level ΓÇö field notes should include semantic search thresholds note with correct default","status":"passed","title":"should include semantic search thresholds note with correct default","duration":0.31110000000012406,"failureMessages":[],"meta":{}},{"ancestorTitles":["generateInstructions","full level ΓÇö field notes"],"fullName":"generateInstructions full level ΓÇö field notes should include causal relationship types note","status":"passed","title":"should include causal relationship types note","duration":0.31579999999985375,"failureMessages":[],"meta":{}},{"ancestorTitles":["generateInstructions","full level ΓÇö field notes"],"fullName":"generateInstructions full level ΓÇö field notes should include enhanced analytics note","status":"passed","title":"should include enhanced analytics note","duration":0.6041999999999916,"failureMessages":[],"meta":{}},{"ancestorTitles":["generateInstructions","full level ΓÇö field notes"],"fullName":"generateInstructions full level ΓÇö field notes should include importance scores note with importanceBreakdown","status":"passed","title":"should include importance scores note with importanceBreakdown","duration":0.5157000000001517,"failureMessages":[],"meta":{}},{"ancestorTitles":["generateInstructions","full level ΓÇö field notes"],"fullName":"generateInstructions full level ΓÇö field notes should include inactiveThresholdDays note","status":"passed","title":"should include inactiveThresholdDays note","duration":0.3387000000000171,"failureMessages":[],"meta":{}},{"ancestorTitles":["generateInstructions","full level ΓÇö field notes"],"fullName":"generateInstructions full level ΓÇö field notes should include GitHub metadata in entries note","status":"passed","title":"should include GitHub metadata in entries note","duration":0.5075999999999112,"failureMessages":[],"meta":{}},{"ancestorTitles":["generateInstructions","full level ΓÇö field notes"],"fullName":"generateInstructions full level ΓÇö field notes should include delete_entry soft-deleted note","status":"passed","title":"should include delete_entry soft-deleted note","duration":0.42210000000000036,"failureMessages":[],"meta":{}},{"ancestorTitles":["generateInstructions","full level ΓÇö key resources table"],"fullName":"generateInstructions full level ΓÇö key resources table should include resource URI memory://health","status":"passed","title":"should include resource URI memory://health","duration":0.3502000000000862,"failureMessages":[],"meta":{}},{"ancestorTitles":["generateInstructions","full level ΓÇö key resources table"],"fullName":"generateInstructions full level ΓÇö key resources table should include resource URI memory://briefing","status":"passed","title":"should include resource URI memory://briefing","duration":0.2767999999998665,"failureMessages":[],"meta":{}},{"ancestorTitles":["generateInstructions","full level ΓÇö key resources table"],"fullName":"generateInstructions full level ΓÇö key resources table should include resource URI memory://instructions","status":"passed","title":"should include resource URI memory://instructions","duration":0.3065000000001419,"failureMessages":[],"meta":{}},{"ancestorTitles":["generateInstructions","full level ΓÇö key resources table"],"fullName":"generateInstructions full level ΓÇö key resources table should include resource URI memory://statistics","status":"passed","title":"should include resource URI memory://statistics","duration":0.3269999999999982,"failureMessages":[],"meta":{}},{"ancestorTitles":["generateInstructions","full level ΓÇö key resources table"],"fullName":"generateInstructions full level ΓÇö key resources table should include resource URI memory://recent","status":"passed","title":"should include resource URI memory://recent","duration":0.489699999999857,"failureMessages":[],"meta":{}},{"ancestorTitles":["generateInstructions","full level ΓÇö key resources table"],"fullName":"generateInstructions full level ΓÇö key resources table should include resource URI memory://tags","status":"passed","title":"should include resource URI memory://tags","duration":0.3164000000001579,"failureMessages":[],"meta":{}},{"ancestorTitles":["generateInstructions","full level ΓÇö key resources table"],"fullName":"generateInstructions full level ΓÇö key resources table should include resource URI memory://significant","status":"passed","title":"should include resource URI memory://significant","duration":0.3423999999999978,"failureMessages":[],"meta":{}},{"ancestorTitles":["generateInstructions","full level ΓÇö key resources table"],"fullName":"generateInstructions full level ΓÇö key resources table should include resource URI memory://graph/recent","status":"passed","title":"should include resource URI memory://graph/recent","duration":3.9962000000000444,"failureMessages":[],"meta":{}},{"ancestorTitles":["generateInstructions","full level ΓÇö key resources table"],"fullName":"generateInstructions full level ΓÇö key resources table should include resource URI memory://graph/actions","status":"passed","title":"should include resource URI memory://graph/actions","duration":0.5503000000001066,"failureMessages":[],"meta":{}},{"ancestorTitles":["generateInstructions","full level ΓÇö key resources table"],"fullName":"generateInstructions full level ΓÇö key resources table should include resource URI memory://actions/recent","status":"passed","title":"should include resource URI memory://actions/recent","duration":0.26330000000007203,"failureMessages":[],"meta":{}},{"ancestorTitles":["generateInstructions","full level ΓÇö key resources table"],"fullName":"generateInstructions full level ΓÇö key resources table should include resource URI memory://github/status","status":"passed","title":"should include resource URI memory://github/status","duration":0.3064999999999145,"failureMessages":[],"meta":{}},{"ancestorTitles":["generateInstructions","full level ΓÇö key resources table"],"fullName":"generateInstructions full level ΓÇö key resources table should include resource URI memory://github/milestones","status":"passed","title":"should include resource URI memory://github/milestones","duration":0.31949999999983447,"failureMessages":[],"meta":{}},{"ancestorTitles":["generateInstructions","full level ΓÇö key resources table"],"fullName":"generateInstructions full level ΓÇö key resources table should include resource URI memory://github/insights","status":"passed","title":"should include resource URI memory://github/insights","duration":0.2577000000001135,"failureMessages":[],"meta":{}},{"ancestorTitles":["generateInstructions","full level ΓÇö key resources table"],"fullName":"generateInstructions full level ΓÇö key resources table should include resource URI memory://kanban/{n}","status":"passed","title":"should include resource URI memory://kanban/{n}","duration":0.23710000000005493,"failureMessages":[],"meta":{}},{"ancestorTitles":["generateInstructions","full level ΓÇö key resources table"],"fullName":"generateInstructions full level ΓÇö key resources table should include resource URI memory://kanban/{n}/diagram","status":"passed","title":"should include resource URI memory://kanban/{n}/diagram","duration":0.20939999999995962,"failureMessages":[],"meta":{}},{"ancestorTitles":["generateInstructions","full level ΓÇö key resources table"],"fullName":"generateInstructions full level ΓÇö key resources table should include resource URI memory://milestones/{n}","status":"passed","title":"should include resource URI memory://milestones/{n}","duration":0.18830000000002656,"failureMessages":[],"meta":{}},{"ancestorTitles":["generateInstructions","tool count consistency"],"fullName":"generateInstructions tool count consistency should have 44 tools across all groups","status":"passed","title":"should have 44 tools across all groups","duration":0.5662999999999556,"failureMessages":[],"meta":{}},{"ancestorTitles":["generateInstructions","tool count consistency"],"fullName":"generateInstructions tool count consistency should show correct active tool count for all tools","status":"passed","title":"should show correct active tool count for all tools","duration":0.35380000000009204,"failureMessages":[],"meta":{}},{"ancestorTitles":["generateInstructions","tool count consistency"],"fullName":"generateInstructions tool count consistency should list all 9 tool groups in active tools","status":"passed","title":"should list all 9 tool groups in active tools","duration":1.9515999999998712,"failureMessages":[],"meta":{}},{"ancestorTitles":["generateInstructions","latest entry snapshot"],"fullName":"generateInstructions latest entry snapshot should include latest entry when provided","status":"passed","title":"should include latest entry when provided","duration":0.5169000000000779,"failureMessages":[],"meta":{}},{"ancestorTitles":["generateInstructions","latest entry snapshot"],"fullName":"generateInstructions latest entry snapshot should truncate long content with ellipsis","status":"passed","title":"should truncate long content with ellipsis","duration":0.3554999999998927,"failureMessages":[],"meta":{}},{"ancestorTitles":["generateInstructions","default level"],"fullName":"generateInstructions default level should default to standard level","status":"passed","title":"should default to standard level","duration":0.332300000000032,"failureMessages":[],"meta":{}}],"startTime":1773336163004,"endTime":1773336163059.5168,"status":"passed","message":"","name":"C:/Users/chris/Desktop/memory-journal-mcp/tests/constants/server-instructions.test.ts"},{"assertionResults":[{"ancestorTitles":["SqliteAdapter","initialize"],"fullName":"SqliteAdapter initialize should be idempotent on re-init","status":"passed","title":"should be idempotent on re-init","duration":2.3548000000000684,"failureMessages":[],"meta":{}},{"ancestorTitles":["SqliteAdapter","initialize"],"fullName":"SqliteAdapter initialize should throw when accessing uninitalized db","status":"passed","title":"should throw when accessing uninitalized db","duration":4.4078999999996995,"failureMessages":[],"meta":{}},{"ancestorTitles":["SqliteAdapter","createEntry"],"fullName":"SqliteAdapter createEntry should create an entry with defaults","status":"passed","title":"should create an entry with defaults","duration":29.062099999999646,"failureMessages":[],"meta":{}},{"ancestorTitles":["SqliteAdapter","createEntry"],"fullName":"SqliteAdapter createEntry should create an entry with all fields","status":"passed","title":"should create an entry with all fields","duration":13.885599999999613,"failureMessages":[],"meta":{}},{"ancestorTitles":["SqliteAdapter","getEntryById"],"fullName":"SqliteAdapter getEntryById should return entry by ID","status":"passed","title":"should return entry by ID","duration":5.3960000000001855,"failureMessages":[],"meta":{}},{"ancestorTitles":["SqliteAdapter","getEntryById"],"fullName":"SqliteAdapter getEntryById should return null for nonexistent ID","status":"passed","title":"should return null for nonexistent ID","duration":0.8964999999998327,"failureMessages":[],"meta":{}},{"ancestorTitles":["SqliteAdapter","getEntryById"],"fullName":"SqliteAdapter getEntryById should exclude soft-deleted entries","status":"passed","title":"should exclude soft-deleted entries","duration":7.348500000000058,"failureMessages":[],"meta":{}},{"ancestorTitles":["SqliteAdapter","getEntryByIdIncludeDeleted"],"fullName":"SqliteAdapter getEntryByIdIncludeDeleted should return soft-deleted entries","status":"passed","title":"should return soft-deleted entries","duration":9.227400000000216,"failureMessages":[],"meta":{}},{"ancestorTitles":["SqliteAdapter","getEntryByIdIncludeDeleted"],"fullName":"SqliteAdapter getEntryByIdIncludeDeleted should return null for nonexistent ID","status":"passed","title":"should return null for nonexistent ID","duration":2.3105000000000473,"failureMessages":[],"meta":{}},{"ancestorTitles":["SqliteAdapter","calculateImportance"],"fullName":"SqliteAdapter calculateImportance should return 0 for nonexistent entry","status":"passed","title":"should return 0 for nonexistent entry","duration":4.064899999999852,"failureMessages":[],"meta":{}},{"ancestorTitles":["SqliteAdapter","calculateImportance"],"fullName":"SqliteAdapter calculateImportance should include recency component for fresh entries","status":"passed","title":"should include recency component for fresh entries","duration":6.939400000000205,"failureMessages":[],"meta":{}},{"ancestorTitles":["SqliteAdapter","calculateImportance"],"fullName":"SqliteAdapter calculateImportance should include significance component when set","status":"passed","title":"should include significance component when set","duration":3.3811000000000604,"failureMessages":[],"meta":{}},{"ancestorTitles":["SqliteAdapter","calculateImportance"],"fullName":"SqliteAdapter calculateImportance should include relationship component","status":"passed","title":"should include relationship component","duration":20.93139999999994,"failureMessages":[],"meta":{}},{"ancestorTitles":["SqliteAdapter","calculateImportance"],"fullName":"SqliteAdapter calculateImportance should include causal component for causal relationships","status":"passed","title":"should include causal component for causal relationships","duration":8.308400000000347,"failureMessages":[],"meta":{}},{"ancestorTitles":["SqliteAdapter","calculateImportance"],"fullName":"SqliteAdapter calculateImportance should have score between 0 and 1","status":"passed","title":"should have score between 0 and 1","duration":3.3177999999998065,"failureMessages":[],"meta":{}},{"ancestorTitles":["SqliteAdapter","getRecentEntries"],"fullName":"SqliteAdapter getRecentEntries should respect limit","status":"passed","title":"should respect limit","duration":3.7168000000001484,"failureMessages":[],"meta":{}},{"ancestorTitles":["SqliteAdapter","getRecentEntries"],"fullName":"SqliteAdapter getRecentEntries should filter by isPersonal","status":"passed","title":"should filter by isPersonal","duration":10.551899999999932,"failureMessages":[],"meta":{}},{"ancestorTitles":["SqliteAdapter","getEntriesPage / getActiveEntryCount"],"fullName":"SqliteAdapter getEntriesPage / getActiveEntryCount should return correct active count","status":"passed","title":"should return correct active count","duration":0.6544999999996435,"failureMessages":[],"meta":{}},{"ancestorTitles":["SqliteAdapter","getEntriesPage / getActiveEntryCount"],"fullName":"SqliteAdapter getEntriesPage / getActiveEntryCount should paginate through entries","status":"passed","title":"should paginate through entries","duration":3.3046000000003914,"failureMessages":[],"meta":{}},{"ancestorTitles":["SqliteAdapter","deleteEntry"],"fullName":"SqliteAdapter deleteEntry should soft delete an entry","status":"passed","title":"should soft delete an entry","duration":5.904899999999998,"failureMessages":[],"meta":{}},{"ancestorTitles":["SqliteAdapter","deleteEntry"],"fullName":"SqliteAdapter deleteEntry should permanently delete an entry","status":"passed","title":"should permanently delete an entry","duration":8.978099999999813,"failureMessages":[],"meta":{}},{"ancestorTitles":["SqliteAdapter","deleteEntry"],"fullName":"SqliteAdapter deleteEntry should return false for nonexistent entry","status":"passed","title":"should return false for nonexistent entry","duration":0.7649999999998727,"failureMessages":[],"meta":{}},{"ancestorTitles":["SqliteAdapter","deleteEntry"],"fullName":"SqliteAdapter deleteEntry should permanently delete a soft-deleted entry","status":"passed","title":"should permanently delete a soft-deleted entry","duration":5.552300000000287,"failureMessages":[],"meta":{}},{"ancestorTitles":["SqliteAdapter","searchEntries"],"fullName":"SqliteAdapter searchEntries should find entries by content","status":"passed","title":"should find entries by content","duration":10.979100000000017,"failureMessages":[],"meta":{}},{"ancestorTitles":["SqliteAdapter","searchEntries"],"fullName":"SqliteAdapter searchEntries should respect limit","status":"passed","title":"should respect limit","duration":1.9387000000001535,"failureMessages":[],"meta":{}},{"ancestorTitles":["SqliteAdapter","searchEntries"],"fullName":"SqliteAdapter searchEntries should filter by projectNumber","status":"passed","title":"should filter by projectNumber","duration":6.679599999999937,"failureMessages":[],"meta":{}},{"ancestorTitles":["SqliteAdapter","searchEntries"],"fullName":"SqliteAdapter searchEntries should return empty for non-matching query","status":"passed","title":"should return empty for non-matching query","duration":1.4209999999998217,"failureMessages":[],"meta":{}},{"ancestorTitles":["SqliteAdapter","searchByDateRange"],"fullName":"SqliteAdapter searchByDateRange should find entries within date range","status":"passed","title":"should find entries within date range","duration":6.7775000000001455,"failureMessages":[],"meta":{}},{"ancestorTitles":["SqliteAdapter","searchByDateRange"],"fullName":"SqliteAdapter searchByDateRange should return empty for future date range","status":"passed","title":"should return empty for future date range","duration":1.4395999999997002,"failureMessages":[],"meta":{}},{"ancestorTitles":["SqliteAdapter","linkEntries / getRelationships"],"fullName":"SqliteAdapter linkEntries / getRelationships should create and retrieve a relationship","status":"passed","title":"should create and retrieve a relationship","duration":7.42029999999977,"failureMessages":[],"meta":{}},{"ancestorTitles":["SqliteAdapter","linkEntries / getRelationships"],"fullName":"SqliteAdapter linkEntries / getRelationships should retrieve relationships for an entry","status":"passed","title":"should retrieve relationships for an entry","duration":8.332899999999881,"failureMessages":[],"meta":{}},{"ancestorTitles":["SqliteAdapter","linkEntries / getRelationships"],"fullName":"SqliteAdapter linkEntries / getRelationships should throw for nonexistent source entry","status":"passed","title":"should throw for nonexistent source entry","duration":2.949200000000019,"failureMessages":[],"meta":{}},{"ancestorTitles":["SqliteAdapter","linkEntries / getRelationships"],"fullName":"SqliteAdapter linkEntries / getRelationships should throw for nonexistent target entry","status":"passed","title":"should throw for nonexistent target entry","duration":3.87519999999995,"failureMessages":[],"meta":{}},{"ancestorTitles":["SqliteAdapter","linkEntries / getRelationships"],"fullName":"SqliteAdapter linkEntries / getRelationships should support all relationship types","status":"passed","title":"should support all relationship types","duration":58.916699999999764,"failureMessages":[],"meta":{}},{"ancestorTitles":["SqliteAdapter","tag operations"],"fullName":"SqliteAdapter tag operations should list tags with usage","status":"passed","title":"should list tags with usage","duration":7.107899999999972,"failureMessages":[],"meta":{}},{"ancestorTitles":["SqliteAdapter","tag operations"],"fullName":"SqliteAdapter tag operations should get tags for an entry","status":"passed","title":"should get tags for an entry","duration":5.28229999999985,"failureMessages":[],"meta":{}},{"ancestorTitles":["SqliteAdapter","tag operations"],"fullName":"SqliteAdapter tag operations should merge tags","status":"passed","title":"should merge tags","duration":35.66370000000006,"failureMessages":[],"meta":{}},{"ancestorTitles":["SqliteAdapter","tag operations"],"fullName":"SqliteAdapter tag operations should throw when merging nonexistent source tag","status":"passed","title":"should throw when merging nonexistent source tag","duration":1.1341000000002168,"failureMessages":[],"meta":{}},{"ancestorTitles":["SqliteAdapter","getStatistics"],"fullName":"SqliteAdapter getStatistics should return statistics with day grouping","status":"passed","title":"should return statistics with day grouping","duration":7.508800000000065,"failureMessages":[],"meta":{}},{"ancestorTitles":["SqliteAdapter","getStatistics"],"fullName":"SqliteAdapter getStatistics should return statistics with week grouping","status":"passed","title":"should return statistics with week grouping","duration":4.043300000000272,"failureMessages":[],"meta":{}},{"ancestorTitles":["SqliteAdapter","getStatistics"],"fullName":"SqliteAdapter getStatistics should return statistics with month grouping","status":"passed","title":"should return statistics with month grouping","duration":2.6041000000000167,"failureMessages":[],"meta":{}},{"ancestorTitles":["SqliteAdapter","getStatistics"],"fullName":"SqliteAdapter getStatistics should include causal metrics","status":"passed","title":"should include causal metrics","duration":2.530499999999847,"failureMessages":[],"meta":{}},{"ancestorTitles":["SqliteAdapter","getStatistics"],"fullName":"SqliteAdapter getStatistics should filter by date range","status":"passed","title":"should filter by date range","duration":4.752500000000055,"failureMessages":[],"meta":{}},{"ancestorTitles":["SqliteAdapter","getStatistics"],"fullName":"SqliteAdapter getStatistics should return 0 entries for future date range","status":"passed","title":"should return 0 entries for future date range","duration":2.4463999999998123,"failureMessages":[],"meta":{}},{"ancestorTitles":["SqliteAdapter","getStatistics"],"fullName":"SqliteAdapter getStatistics should not include dateRange when no dates provided","status":"passed","title":"should not include dateRange when no dates provided","duration":5.057099999999991,"failureMessages":[],"meta":{}},{"ancestorTitles":["SqliteAdapter","getStatistics"],"fullName":"SqliteAdapter getStatistics should return project breakdown when requested","status":"passed","title":"should return project breakdown when requested","duration":9.702900000000227,"failureMessages":[],"meta":{}},{"ancestorTitles":["SqliteAdapter","getStatistics"],"fullName":"SqliteAdapter getStatistics should not include projectBreakdown when not requested","status":"passed","title":"should not include projectBreakdown when not requested","duration":3.382000000000062,"failureMessages":[],"meta":{}},{"ancestorTitles":["SqliteAdapter","getHealthStatus"],"fullName":"SqliteAdapter getHealthStatus should return health status","status":"passed","title":"should return health status","duration":8.11660000000029,"failureMessages":[],"meta":{}},{"ancestorTitles":["SqliteAdapter","backup operations"],"fullName":"SqliteAdapter backup operations should export to backup file","status":"passed","title":"should export to backup file","duration":38.50239999999985,"failureMessages":[],"meta":{}},{"ancestorTitles":["SqliteAdapter","backup operations"],"fullName":"SqliteAdapter backup operations should list backup files","status":"passed","title":"should list backup files","duration":13.373399999999947,"failureMessages":[],"meta":{}},{"ancestorTitles":["SqliteAdapter","backup operations"],"fullName":"SqliteAdapter backup operations should delete old backups keeping only keepCount","status":"passed","title":"should delete old backups keeping only keepCount","duration":43.24170000000004,"failureMessages":[],"meta":{}},{"ancestorTitles":["SqliteAdapter","backup operations"],"fullName":"SqliteAdapter backup operations should restore from a backup file","status":"passed","title":"should restore from a backup file","duration":42.65110000000004,"failureMessages":[],"meta":{}},{"ancestorTitles":["SqliteAdapter","backup operations"],"fullName":"SqliteAdapter backup operations should get raw database handle","status":"passed","title":"should get raw database handle","duration":0.9321999999997388,"failureMessages":[],"meta":{}},{"ancestorTitles":["SqliteAdapter","close"],"fullName":"SqliteAdapter close should close without error","status":"passed","title":"should close without error","duration":0.9404999999997017,"failureMessages":[],"meta":{}},{"ancestorTitles":["SqliteAdapter","updateEntry"],"fullName":"SqliteAdapter updateEntry should update entry content","status":"passed","title":"should update entry content","duration":4.197400000000016,"failureMessages":[],"meta":{}},{"ancestorTitles":["SqliteAdapter","updateEntry"],"fullName":"SqliteAdapter updateEntry should update tags","status":"passed","title":"should update tags","duration":7.060100000000148,"failureMessages":[],"meta":{}},{"ancestorTitles":["SqliteAdapter","updateEntry"],"fullName":"SqliteAdapter updateEntry should return null for nonexistent entry","status":"passed","title":"should return null for nonexistent entry","duration":0.7238999999999578,"failureMessages":[],"meta":{}},{"ancestorTitles":["SqliteAdapter","searchEntries - advanced filters"],"fullName":"SqliteAdapter searchEntries - advanced filters should filter by issueNumber","status":"passed","title":"should filter by issueNumber","duration":2.2467999999998938,"failureMessages":[],"meta":{}},{"ancestorTitles":["SqliteAdapter","searchEntries - advanced filters"],"fullName":"SqliteAdapter searchEntries - advanced filters should filter by prNumber","status":"passed","title":"should filter by prNumber","duration":3.1606000000001586,"failureMessages":[],"meta":{}},{"ancestorTitles":["SqliteAdapter","searchEntries - advanced filters"],"fullName":"SqliteAdapter searchEntries - advanced filters should filter by isPersonal","status":"passed","title":"should filter by isPersonal","duration":1.7096000000001368,"failureMessages":[],"meta":{}},{"ancestorTitles":["SqliteAdapter","searchByDateRange - with type filter"],"fullName":"SqliteAdapter searchByDateRange - with type filter should filter by entry type","status":"passed","title":"should filter by entry type","duration":1.5342999999998028,"failureMessages":[],"meta":{}},{"ancestorTitles":["SqliteAdapter","searchByDateRange - with type filter"],"fullName":"SqliteAdapter searchByDateRange - with type filter should filter by tags","status":"passed","title":"should filter by tags","duration":5.182700000000295,"failureMessages":[],"meta":{}},{"ancestorTitles":["SqliteAdapter","backup edge cases"],"fullName":"SqliteAdapter backup edge cases should return empty array when backups directory does not exist","status":"passed","title":"should return empty array when backups directory does not exist","duration":22.609100000000126,"failureMessages":[],"meta":{}},{"ancestorTitles":["SqliteAdapter","backup edge cases"],"fullName":"SqliteAdapter backup edge cases should throw when deleteOldBackups keepCount is less than 1","status":"passed","title":"should throw when deleteOldBackups keepCount is less than 1","duration":4.689200000000255,"failureMessages":[],"meta":{}},{"ancestorTitles":["SqliteAdapter","backup edge cases"],"fullName":"SqliteAdapter backup edge cases should throw when restoring from non-existent backup file","status":"passed","title":"should throw when restoring from non-existent backup file","duration":8.41399999999976,"failureMessages":[],"meta":{}}],"startTime":1773336149699,"endTime":1773336150283.414,"status":"passed","message":"","name":"C:/Users/chris/Desktop/memory-journal-mcp/tests/database/sqlite-adapter.test.ts"},{"assertionResults":[{"ancestorTitles":["TOOL_GROUPS"],"fullName":"TOOL_GROUPS should contain all 8 groups","status":"passed","title":"should contain all 8 groups","duration":7.366899999999987,"failureMessages":[],"meta":{}},{"ancestorTitles":["TOOL_GROUPS"],"fullName":"TOOL_GROUPS should have no duplicate tools across groups","status":"passed","title":"should have no duplicate tools across groups","duration":0.8739000000000487,"failureMessages":[],"meta":{}},{"ancestorTitles":["META_GROUPS"],"fullName":"META_GROUPS should define starter as core + search","status":"passed","title":"should define starter as core + search","duration":2.6948999999999614,"failureMessages":[],"meta":{}},{"ancestorTitles":["META_GROUPS"],"fullName":"META_GROUPS should define essential as core only","status":"passed","title":"should define essential as core only","duration":1.1620000000000346,"failureMessages":[],"meta":{}},{"ancestorTitles":["META_GROUPS"],"fullName":"META_GROUPS should define full with all groups","status":"passed","title":"should define full with all groups","duration":1.6784999999999854,"failureMessages":[],"meta":{}},{"ancestorTitles":["META_GROUPS"],"fullName":"META_GROUPS should define readonly without admin, github, backup","status":"passed","title":"should define readonly without admin, github, backup","duration":1.2938999999998941,"failureMessages":[],"meta":{}},{"ancestorTitles":["getAllToolNames"],"fullName":"getAllToolNames should return all tools","status":"passed","title":"should return all tools","duration":0.7264999999999873,"failureMessages":[],"meta":{}},{"ancestorTitles":["getAllToolNames"],"fullName":"getAllToolNames should contain no duplicates","status":"passed","title":"should contain no duplicates","duration":0.5036000000000058,"failureMessages":[],"meta":{}},{"ancestorTitles":["getAllToolNames"],"fullName":"getAllToolNames should include known tools","status":"passed","title":"should include known tools","duration":0.8061999999999898,"failureMessages":[],"meta":{}},{"ancestorTitles":["getToolGroup"],"fullName":"getToolGroup should return correct group for known tools","status":"passed","title":"should return correct group for known tools","duration":0.7509000000000015,"failureMessages":[],"meta":{}},{"ancestorTitles":["getToolGroup"],"fullName":"getToolGroup should return undefined for unknown tools","status":"passed","title":"should return undefined for unknown tools","duration":0.32769999999982247,"failureMessages":[],"meta":{}},{"ancestorTitles":["group validation via getToolGroup"],"fullName":"group validation via getToolGroup should identify valid groups from tool lookups","status":"passed","title":"should identify valid groups from tool lookups","duration":0.3442999999999756,"failureMessages":[],"meta":{}},{"ancestorTitles":["group validation via getToolGroup"],"fullName":"group validation via getToolGroup should return undefined for non-tool strings","status":"passed","title":"should return undefined for non-tool strings","duration":0.32970000000000255,"failureMessages":[],"meta":{}},{"ancestorTitles":["parseToolFilter"],"fullName":"parseToolFilter should parse a single group","status":"passed","title":"should parse a single group","duration":1.0036999999999807,"failureMessages":[],"meta":{}},{"ancestorTitles":["parseToolFilter"],"fullName":"parseToolFilter should parse multiple groups","status":"passed","title":"should parse multiple groups","duration":0.5092999999999392,"failureMessages":[],"meta":{}},{"ancestorTitles":["parseToolFilter"],"fullName":"parseToolFilter should parse meta-groups","status":"passed","title":"should parse meta-groups","duration":0.4755000000000109,"failureMessages":[],"meta":{}},{"ancestorTitles":["parseToolFilter"],"fullName":"parseToolFilter should parse group exclusion","status":"passed","title":"should parse group exclusion","duration":0.6122000000000298,"failureMessages":[],"meta":{}},{"ancestorTitles":["parseToolFilter"],"fullName":"parseToolFilter should parse tool exclusion","status":"passed","title":"should parse tool exclusion","duration":0.48240000000009786,"failureMessages":[],"meta":{}},{"ancestorTitles":["parseToolFilter"],"fullName":"parseToolFilter should parse tool addition with +","status":"passed","title":"should parse tool addition with +","duration":0.29749999999989996,"failureMessages":[],"meta":{}},{"ancestorTitles":["parseToolFilter"],"fullName":"parseToolFilter should store raw filter string","status":"passed","title":"should store raw filter string","duration":0.279700000000048,"failureMessages":[],"meta":{}},{"ancestorTitles":["isToolEnabled"],"fullName":"isToolEnabled should return true for enabled tools","status":"passed","title":"should return true for enabled tools","duration":0.49309999999991305,"failureMessages":[],"meta":{}},{"ancestorTitles":["isToolEnabled"],"fullName":"isToolEnabled should return false for disabled tools","status":"passed","title":"should return false for disabled tools","duration":0.34170000000017353,"failureMessages":[],"meta":{}},{"ancestorTitles":["filterTools"],"fullName":"filterTools should filter tool objects by name","status":"passed","title":"should filter tool objects by name","duration":0.5515000000000327,"failureMessages":[],"meta":{}},{"ancestorTitles":["getToolFilterFromEnv"],"fullName":"getToolFilterFromEnv should return null when env var not set","stat
[...]
eta":{}},{"ancestorTitles":["Logger","level filtering"],"fullName":"Logger level filtering should log critical messages at any level","status":"passed","title":"should log critical messages at any level","duration":0.8677999999999884,"failureMessages":[],"meta":{}},{"ancestorTitles":["Logger","formatting"],"fullName":"Logger formatting should include timestamp, level, and message","status":"passed","title":"should include timestamp, level, and message","duration":1.5556000000001404,"failureMessages":[],"meta":{}},{"ancestorTitles":["Logger","formatting"],"fullName":"Logger formatting should include module when provided","status":"passed","title":"should include module when provided","duration":0.7392999999999574,"failureMessages":[],"meta":{}},{"ancestorTitles":["Logger","formatting"],"fullName":"Logger formatting should include operation when provided","status":"passed","title":"should include operation when provided","duration":0.675899999999956,"failureMessages":[],"meta":{}},{"ancestorTitles":["Logger","formatting"],"fullName":"Logger formatting should include extra context fields as JSON","status":"passed","title":"should include extra context fields as JSON","duration":0.7302999999999429,"failureMessages":[],"meta":{}},{"ancestorTitles":["Logger","formatting"],"fullName":"Logger formatting should omit extras JSON when no extra fields","status":"passed","title":"should omit extras JSON when no extra fields","duration":0.8152999999999793,"failureMessages":[],"meta":{}},{"ancestorTitles":["Logger","sanitization"],"fullName":"Logger sanitization should sanitize error field containing tokens","status":"passed","title":"should sanitize error field containing tokens","duration":2.3874000000000706,"failureMessages":[],"meta":{}},{"ancestorTitles":["Logger","sanitization"],"fullName":"Logger sanitization should not sanitize non-string error fields","status":"passed","title":"should not sanitize non-string error fields","duration":0.6920999999999822,"failureMessages":[],"meta":{}},{"ancestorTitles":["Logger","setLevel"],"fullName":"Logger setLevel should change the minimum log level","status":"passed","title":"should change the minimum log level","duration":0.7117999999998119,"failureMessages":[],"meta":{}},{"ancestorTitles":["Logger","convenience methods"],"fullName":"Logger convenience methods should log via debug()","status":"passed","title":"should log via debug()","duration":0.5721000000000913,"failureMessages":[],"meta":{}},{"ancestorTitles":["Logger","convenience methods"],"fullName":"Logger convenience methods should log via notice()","status":"passed","title":"should log via notice()","duration":0.5076999999998861,"failureMessages":[],"meta":{}},{"ancestorTitles":["Logger","convenience methods"],"fullName":"Logger convenience methods should log via warning()","status":"passed","title":"should log via warning()","duration":0.5292000000001735,"failureMessages":[],"meta":{}},{"ancestorTitles":["Logger","convenience methods"],"fullName":"Logger convenience methods should log via critical()","status":"passed","title":"should log via critical()","duration":3.7551999999998316,"failureMessages":[],"meta":{}}],"startTime":1773336164189,"endTime":1773336164219.7551,"status":"passed","message":"","name":"C:/Users/chris/Desktop/memory-journal-mcp/tests/utils/logger.test.ts"},{"assertionResults":[{"ancestorTitles":["McpLogger","setLevel / getLevel"],"fullName":"McpLogger setLevel / getLevel should default to info level","status":"passed","title":"should default to info level","duration":6.623499999999922,"failureMessages":[],"meta":{}},{"ancestorTitles":["McpLogger","setLevel / getLevel"],"fullName":"McpLogger setLevel / getLevel should set and get level correctly","status":"passed","title":"should set and get level correctly","duration":0.9564000000000306,"failureMessages":[],"meta":{}},{"ancestorTitles":["McpLogger","setLevel / getLevel"],"fullName":"McpLogger setLevel / getLevel should accept all valid MCP log levels","status":"passed","title":"should accept all valid MCP log levels","duration":1.6451999999999316,"failureMessages":[],"meta":{}},{"ancestorTitles":["McpLogger","level filtering"],"fullName":"McpLogger level filtering should log messages at or below configured severity","status":"passed","title":"should log messages at or below configured severity","duration":4.336000000000013,"failureMessages":[],"meta":{}},{"ancestorTitles":["McpLogger","level filtering"],"fullName":"McpLogger level filtering should suppress messages above configured severity","status":"passed","title":"should suppress messages above configured severity","duration":1.4022999999999683,"failureMessages":[],"meta":{}},{"ancestorTitles":["McpLogger","level filtering"],"fullName":"McpLogger level filtering should log emergency at any level","status":"passed","title":"should log emergency at any level","duration":0.7173999999999978,"failureMessages":[],"meta":{}},{"ancestorTitles":["McpLogger","stderr fallback"],"fullName":"McpLogger stderr fallback should format output with timestamp, level, and logger name","status":"passed","title":"should format output with timestamp, level, and logger name","duration":1.3317999999999302,"failureMessages":[],"meta":{}},{"ancestorTitles":["McpLogger","stderr fallback"],"fullName":"McpLogger stderr fallback should include extra context in stderr output","status":"passed","title":"should include extra context in stderr output","duration":0.7677999999998519,"failureMessages":[],"meta":{}},{"ancestorTitles":["McpLogger","MCP server send"],"fullName":"McpLogger MCP server send should send via MCP protocol when server is set","status":"passed","title":"should send via MCP protocol when server is set","duration":5.888099999999895,"failureMessages":[],"meta":{}},{"ancestorTitles":["McpLogger","MCP server send"],"fullName":"McpLogger MCP server send should fall back to stderr if MCP send throws","status":"passed","title":"should fall back to stderr if MCP send throws","duration":2.015999999999849,"failureMessages":[],"meta":{}},{"ancestorTitles":["McpLogger","convenience methods"],"fullName":"McpLogger convenience methods should log via debug()","status":"passed","title":"should log via debug()","duration":0.9581000000000586,"failureMessages":[],"meta":{}},{"ancestorTitles":["McpLogger","convenience methods"],"fullName":"McpLogger convenience methods should log via info()","status":"passed","title":"should log via info()","duration":0.6817999999998392,"failureMessages":[],"meta":{}},{"ancestorTitles":["McpLogger","convenience methods"],"fullName":"McpLogger convenience methods should log via notice()","status":"passed","title":"should log via notice()","duration":0.5342000000000553,"failureMessages":[],"meta":{}},{"ancestorTitles":["McpLogger","convenience methods"],"fullName":"McpLogger convenience methods should log via warning()","status":"passed","title":"should log via warning()","duration":0.4619999999999891,"failureMessages":[],"meta":{}},{"ancestorTitles":["McpLogger","convenience methods"],"fullName":"McpLogger convenience methods should log via error()","status":"passed","title":"should log via error()","duration":0.5050999999998567,"failureMessages":[],"meta":{}},{"ancestorTitles":["McpLogger","convenience methods"],"fullName":"McpLogger convenience methods should log via critical()","status":"passed","title":"should log via critical()","duration":0.6304999999999836,"failureMessages":[],"meta":{}},{"ancestorTitles":["McpLogger","convenience methods"],"fullName":"McpLogger convenience methods should pass context through convenience methods","status":"passed","title":"should pass context through convenience methods","duration":0.564200000000028,"failureMessages":[],"meta":{}},{"ancestorTitles":["McpLogger","singleton"],"fullName":"McpLogger singleton should export mcpLogger as a McpLogger instance","status":"passed","title":"should export mcpLogger as a McpLogger instance","duration":0.703899999999976,"failureMessages":[],"meta":{}}],"startTime":1773336164473,"endTime":1773336164506.7039,"status":"passed","message":"","name":"C:/Users/chris/Desktop/memory-journal-mcp/tests/utils/mcp-logger.test.ts"},{"assertionResults":[{"ancestorTitles":["sendProgress"],"fullName":"sendProgress should no-op when context is undefined","status":"passed","title":"should no-op when context is undefined","duration":3.7991000000001804,"failureMessages":[],"meta":{}},{"ancestorTitles":["sendProgress"],"fullName":"sendProgress should no-op when progressToken is undefined","status":"passed","title":"should no-op when progressToken is undefined","duration":4.074499999999944,"failureMessages":[],"meta":{}},{"ancestorTitles":["sendProgress"],"fullName":"sendProgress should send notification with correct shape","status":"passed","title":"should send notification with correct shape","duration":7.959700000000112,"failureMessages":[],"meta":{}},{"ancestorTitles":["sendProgress"],"fullName":"sendProgress should omit total when undefined","status":"passed","title":"should omit total when undefined","duration":3.6376999999999953,"failureMessages":[],"meta":{}},{"ancestorTitles":["sendProgress"],"fullName":"sendProgress should omit message when undefined","status":"passed","title":"should omit message when undefined","duration":6.311100000000124,"failureMessages":[],"meta":{}},{"ancestorTitles":["sendProgress"],"fullName":"sendProgress should omit message when empty string","status":"passed","title":"should omit message when empty string","duration":0.9690000000000509,"failureMessages":[],"meta":{}},{"ancestorTitles":["sendProgress"],"fullName":"sendProgress should accept numeric progressToken","status":"passed","title":"should accept numeric progressToken","duration":1.8203000000000884,"failureMessages":[],"meta":{}},{"ancestorTitles":["sendProgress"],"fullName":"sendProgress should silently handle notification errors","status":"passed","title":"should silently handle notification errors","duration":6.569800000000214,"failureMessages":[],"meta":{}},{"ancestorTitles":["createBatchProgressReporter"],"fullName":"createBatchProgressReporter should report at throttle intervals","status":"passed","title":"should report at throttle intervals","duration":2.1573000000000775,"failureMessages":[],"meta":{}},{"ancestorTitles":["createBatchProgressReporter"],"fullName":"createBatchProgressReporter should always report on completion","status":"passed","title":"should always report on completion","duration":1.280599999999822,"failureMessages":[],"meta":{}},{"ancestorTitles":["createBatchProgressReporter"],"fullName":"createBatchProgressReporter should skip intermediate items below throttle","status":"passed","title":"should skip intermediate items below throttle","duration":0.940900000000056,"failureMessages":[],"meta":{}},{"ancestorTitles":["createBatchProgressReporter"],"fullName":"createBatchProgressReporter should work with undefined context","status":"passed","title":"should work with undefined context","duration":0.30189999999993233,"failureMessages":[],"meta":{}}],"startTime":1773336163329,"endTime":1773336163371.302,"status":"passed","message":"","name":"C:/Users/chris/Desktop/memory-journal-mcp/tests/utils/progress-utils.test.ts"},{"assertionResults":[{"ancestorTitles":["sanitizeErrorForLogging"],"fullName":"sanitizeErrorForLogging should redact GitHub classic PATs (ghp_)","status":"passed","title":"should redact GitHub classic PATs (ghp_)","duration":5.8297000000000025,"failureMessages":[],"meta":{}},{"ancestorTitles":["sanitizeErrorForLogging"],"fullName":"sanitizeErrorForLogging should redact GitHub fine-grained PATs (github_pat_)","status":"passed","title":"should redact GitHub fine-grained PATs (github_pat_)","duration":0.7303000000000566,"failureMessages":[],"meta":{}},{"ancestorTitles":["sanitizeErrorForLogging"],"fullName":"sanitizeErrorForLogging should redact Authorization headers with token","status":"passed","title":"should redact Authorization headers with token","duration":0.5473999999999251,"failureMessages":[],"meta":{}},{"ancestorTitles":["sanitizeErrorForLogging"],"fullName":"sanitizeErrorForLogging should redact Authorization headers with Bearer","status":"passed","title":"should redact Authorization headers with Bearer","duration":0.5053000000000338,"failureMessages":[],"meta":{}},{"ancestorTitles":["sanitizeErrorForLogging"],"fullName":"sanitizeErrorForLogging should redact generic Bearer tokens","status":"passed","title":"should redact generic Bearer tokens","duration":0.5791000000000395,"failureMessages":[],"meta":{}},{"ancestorTitles":["sanitizeErrorForLogging"],"fullName":"sanitizeErrorForLogging should pass through clean messages unchanged","status":"passed","title":"should pass through clean messages unchanged","duration":0.34550000000001546,"failureMessages":[],"meta":{}},{"ancestorTitles":["sanitizeErrorForLogging"],"fullName":"sanitizeErrorForLogging should pass through empty string","status":"passed","title":"should pass through empty string","duration":0.37429999999994834,"failureMessages":[],"meta":{}},{"ancestorTitles":["sanitizeErrorForLogging"],"fullName":"sanitizeErrorForLogging should handle multiple tokens in one message","status":"passed","title":"should handle multiple tokens in one message","duration":0.651299999999992,"failureMessages":[],"meta":{}},{"ancestorTitles":["sanitizeErrorForLogging"],"fullName":"sanitizeErrorForLogging should be idempotent - calling twice yields same result","status":"passed","title":"should be idempotent - calling twice yields same result","duration":0.42089999999996053,"failureMessages":[],"meta":{}}],"startTime":1773336165248,"endTime":1773336165258.421,"status":"passed","message":"","name":"C:/Users/chris/Desktop/memory-journal-mcp/tests/utils/security-utils.test.ts"},{"assertionResults":[{"ancestorTitles":["VectorSearchManager","isInitialized"],"fullName":"VectorSearchManager isInitialized should return false before initialize()","status":"passed","title":"should return false before initialize()","duration":4.73700000000008,"failureMessages":[],"meta":{}},{"ancestorTitles":["VectorSearchManager","isInitialized"],"fullName":"VectorSearchManager isInitialized should return true after initialize()","status":"passed","title":"should return true after initialize()","duration":12.427200000000084,"failureMessages":[],"meta":{}},{"ancestorTitles":["VectorSearchManager","initialize"],"fullName":"VectorSearchManager initialize should load pipeline and create index if needed","status":"passed","title":"should load pipeline and create index if needed","duration":3.2527000000000044,"failureMessages":[],"meta":{}},{"ancestorTitles":["VectorSearchManager","initialize"],"fullName":"VectorSearchManager initialize should be idempotent","status":"passed","title":"should be idempotent","duration":2.5580999999997402,"failureMessages":[],"meta":{}},{"ancestorTitles":["VectorSearchManager","generateEmbedding"],"fullName":"VectorSearchManager generateEmbedding should generate embedding array from text","status":"passed","title":"should generate embedding array from text","duration":6.153900000000249,"failureMessages":[],"meta":{}},{"ancestorTitles":["VectorSearchManager","generateEmbedding"],"fullName":"VectorSearchManager generateEmbedding should throw if not initialized","status":"passed","title":"should throw if not initialized","duration":4.174499999999625,"failureMessages":[],"meta":{}},{"ancestorTitles":["VectorSearchManager","addEntry"],"fullName":"VectorSearchManager addEntry should upsert entry via upsertItem","status":"passed","title":"should upsert entry via upsertItem","duration":9.398800000000392,"failureMessages":[],"meta":{}},{"ancestorTitles":["VectorSearchManager","addEntry"],"fullName":"VectorSearchManager addEntry should return false on error","status":"passed","title":"should return false on error","duration":3.673899999999776,"failureMessages":[],"meta":{}},{"ancestorTitles":["VectorSearchManager","search"],"fullName":"VectorSearchManager search should return filtered results above threshold","status":"passed","title":"should return filtered results above threshold","duration":2.9248999999999796,"failureMessages":[],"meta":{}},{"ancestorTitles":["VectorSearchManager","search"],"fullName":"VectorSearchManager search should limit results to limit param","status":"passed","title":"should limit results to limit param","duration":2.702700000000277,"failureMessages":[],"meta":{}},{"ancestorTitles":["VectorSearchManager","search"],"fullName":"VectorSearchManager search should return empty on error","status":"passed","title":"should return empty on error","duration":4.10590000000002,"failureMessages":[],"meta":{}},{"ancestorTitles":["VectorSearchManager","removeEntry"],"fullName":"VectorSearchManager removeEntry should delete entry from index","status":"passed","title":"should delete entry from index","duration":15.275700000000143,"failureMessages":[],"meta":{}},{"ancestorTitles":["VectorSearchManager","removeEntry"],"fullName":"VectorSearchManager removeEntry should return false if index not available","status":"passed","title":"should return false if index not available","duration":1.0199999999999818,"failureMessages":[],"meta":{}},{"ancestorTitles":["VectorSearchManager","removeEntry"],"fullName":"VectorSearchManager removeEntry should return false on delete error","status":"passed","title":"should return false on delete error","duration":2.8562999999999192,"failureMessages":[],"meta":{}},{"ancestorTitles":["VectorSearchManager","getStats"],"fullName":"VectorSearchManager getStats should return stats from index","status":"passed","title":"should return stats from index","duration":9.639099999999871,"failureMessages":[],"meta":{}},{"ancestorTitles":["VectorSearchManager","getStats"],"fullName":"VectorSearchManager getStats should return zero count when no index","status":"passed","title":"should return zero count when no index","duration":0.6084999999998217,"failureMessages":[],"meta":{}},{"ancestorTitles":["VectorSearchManager","getStats"],"fullName":"VectorSearchManager getStats should return zero count on error","status":"passed","title":"should return zero count on error","duration":4.530700000000252,"failureMessages":[],"meta":{}},{"ancestorTitles":["VectorSearchManager","rebuildIndex"],"fullName":"VectorSearchManager rebuildIndex should rebuild from database entries","status":"passed","title":"should rebuild from database entries","duration":6.82739999999967,"failureMessages":[],"meta":{}},{"ancestorTitles":["VectorSearchManager","rebuildIndex"],"fullName":"VectorSearchManager rebuildIndex should handle orphan cleanup","status":"passed","title":"should handle orphan cleanup","duration":7.05179999999973,"failureMessages":[],"meta":{}},{"ancestorTitles":["VectorSearchManager","rebuildIndex"],"fullName":"VectorSearchManager rebuildIndex should return 0 when index not available","status":"passed","title":"should return 0 when index not available","duration":1.567700000000059,"failureMessages":[],"meta":{}},{"ancestorTitles":["VectorSearchManager","rebuildIndex"],"fullName":"VectorSearchManager rebuildIndex should recover from corrupted index","status":"passed","title":"should recover from corrupted index","duration":2.5898999999999432,"failureMessages":[],"meta":{}},{"ancestorTitles":["VectorSearchManager","rebuildIndex"],"fullName":"VectorSearchManager rebuildIndex should skip entries with embedding failures","status":"passed","title":"should skip entries with embedding failures","duration":40.47530000000006,"failureMessages":[],"meta":{}},{"ancestorTitles":["VectorSearchManager","initialize error"],"fullName":"VectorSearchManager initialize error should rethrow pipeline errors","status":"passed","title":"should rethrow pipeline errors","duration":5.245899999999892,"failureMessages":[],"meta":{}}],"startTime":1773336160391,"endTime":1773336160588.2458,"status":"passed","message":"","name":"C:/Users/chris/Desktop/memory-journal-mcp/tests/vector/vector-search-manager.test.ts"}]}
