{"numTotalTestSuites":344,"numPassedTestSuites":344,"numFailedTestSuites":0,"numPendingTestSuites":0,"numTotalTests":840,"numPassedTests":840,"numFailedTests":0,"numPendingTests":0,"numTodoTests":0,"snapshot":{"added":0,"failure":false,"filesAdded":0,"filesRemoved":0,"filesRemovedList":[],"filesUnmatched":0,"filesUpdated":0,"matched":0,"total":0,"unchecked":0,"uncheckedKeysByFile":[],"unmatched":0,"updated":0,"didUpdate":false},"startTime":1773346791480,"success":true,"testResults":[{"assertionResults":[{"ancestorTitles":["toolNameToMethodName"],"fullName":"toolNameToMethodName should convert snake_case to camelCase","status":"passed","title":"should convert snake_case to camelCase","duration":3.9650000000001455,"failureMessages":[],"meta":{}},{"ancestorTitles":["toolNameToMethodName"],"fullName":"toolNameToMethodName should handle multi-word names","status":"passed","title":"should handle multi-word names","duration":1.0355999999999312,"failureMessages":[],"meta":{}},{"ancestorTitles":["toolNameToMethodName"],"fullName":"toolNameToMethodName should handle single-word names","status":"passed","title":"should handle single-word names","duration":0.6044999999999163,"failureMessages":[],"meta":{}},{"ancestorTitles":["toolNameToMethodName"],"fullName":"toolNameToMethodName should keep prefix for github tools","status":"passed","title":"should keep prefix for github tools","duration":0.5144000000000233,"failureMessages":[],"meta":{}},{"ancestorTitles":["toolNameToMethodName"],"fullName":"toolNameToMethodName should keep prefix for team tools","status":"passed","title":"should keep prefix for team tools","duration":0.5616999999999734,"failureMessages":[],"meta":{}},{"ancestorTitles":["toolNameToMethodName"],"fullName":"toolNameToMethodName should handle search tools","status":"passed","title":"should handle search tools","duration":0.8930000000000291,"failureMessages":[],"meta":{}},{"ancestorTitles":["toolNameToMethodName"],"fullName":"toolNameToMethodName should handle admin tools","status":"passed","title":"should handle admin tools","duration":0.6505999999999403,"failureMessages":[],"meta":{}},{"ancestorTitles":["toolNameToMethodName"],"fullName":"toolNameToMethodName should handle backup tools","status":"passed","title":"should handle backup tools","duration":1.321999999999889,"failureMessages":[],"meta":{}},{"ancestorTitles":["JournalApi","group creation"],"fullName":"JournalApi group creation should create all 9 group namespaces","status":"passed","title":"should create all 9 group namespaces","duration":4.020600000000059,"failureMessages":[],"meta":{}},{"ancestorTitles":["JournalApi","group creation"],"fullName":"JournalApi group creation should populate groups with methods","status":"passed","title":"should populate groups with methods","duration":1.1829999999999927,"failureMessages":[],"meta":{}},{"ancestorTitles":["JournalApi","group creation"],"fullName":"JournalApi group creation should exclude codemode tools","status":"passed","title":"should exclude codemode tools","duration":4.083699999999908,"failureMessages":[],"meta":{}},{"ancestorTitles":["JournalApi","method invocation"],"fullName":"JournalApi method invocation should call handler with object params","status":"passed","title":"should call handler with object params","duration":1.1584000000000287,"failureMessages":[],"meta":{}},{"ancestorTitles":["JournalApi","method invocation"],"fullName":"JournalApi method invocation should call handler with positional string arg","status":"passed","title":"should call handler with positional string arg","duration":6.685400000000072,"failureMessages":[],"meta":{}},{"ancestorTitles":["JournalApi","method invocation"],"fullName":"JournalApi method invocation should call handler with positional number arg","status":"passed","title":"should call handler with positional number arg","duration":1.5096000000000913,"failureMessages":[],"meta":{}},{"ancestorTitles":["JournalApi","method invocation"],"fullName":"JournalApi method invocation should pass through empty params for no-arg calls","status":"passed","title":"should pass through empty params for no-arg calls","duration":1.0436999999999443,"failureMessages":[],"meta":{}},{"ancestorTitles":["JournalApi","method aliases"],"fullName":"JournalApi method aliases should have core aliases","status":"passed","title":"should have core aliases","duration":0.5919000000001233,"failureMessages":[],"meta":{}},{"ancestorTitles":["JournalApi","method aliases"],"fullName":"JournalApi method aliases should have search aliases","status":"passed","title":"should have search aliases","duration":0.6994000000001961,"failureMessages":[],"meta":{}},{"ancestorTitles":["JournalApi","method aliases"],"fullName":"JournalApi method aliases should have backup aliases","status":"passed","title":"should have backup aliases","duration":0.5785999999998239,"failureMessages":[],"meta":{}},{"ancestorTitles":["JournalApi","help()"],"fullName":"JournalApi help() should provide group-level help","status":"passed","title":"should provide group-level help","duration":1.1371999999998934,"failureMessages":[],"meta":{}},{"ancestorTitles":["JournalApi","help()"],"fullName":"JournalApi help() should include examples in help output","status":"passed","title":"should include examples in help output","duration":0.8100999999999203,"failureMessages":[],"meta":{}},{"ancestorTitles":["JournalApi","getGroups"],"fullName":"JournalApi getGroups should return sorted group names","status":"passed","title":"should return sorted group names","duration":1.2391000000000076,"failureMessages":[],"meta":{}},{"ancestorTitles":["JournalApi","getGroupMethods"],"fullName":"JournalApi getGroupMethods should return method names for a group","status":"passed","title":"should return method names for a group","duration":0.8269000000000233,"failureMessages":[],"meta":{}},{"ancestorTitles":["JournalApi","getGroupMethods"],"fullName":"JournalApi getGroupMethods should return empty for unknown group","status":"passed","title":"should return empty for unknown group","duration":0.5924999999999727,"failureMessages":[],"meta":{}},{"ancestorTitles":["JournalApi","createSandboxBindings"],"fullName":"JournalApi createSandboxBindings should include all group namespaces","status":"passed","title":"should include all group namespaces","duration":1.3103000000000975,"failureMessages":[],"meta":{}},{"ancestorTitles":["JournalApi","createSandboxBindings"],"fullName":"JournalApi createSandboxBindings should include top-level convenience aliases","status":"passed","title":"should include top-level convenience aliases","duration":0.668999999999869,"failureMessages":[],"meta":{}},{"ancestorTitles":["JournalApi","createSandboxBindings"],"fullName":"JournalApi createSandboxBindings should include top-level help()","status":"passed","title":"should include top-level help()","duration":0.4629000000002179,"failureMessages":[],"meta":{}},{"ancestorTitles":["JournalApi","createSandboxBindings"],"fullName":"JournalApi createSandboxBindings should return top-level help with groups and totalMethods","status":"passed","title":"should return top-level help with groups and totalMethods","duration":45.62310000000002,"failureMessages":[],"meta":{}},{"ancestorTitles":["createJournalApi"],"fullName":"createJournalApi should create a JournalApi instance","status":"passed","title":"should create a JournalApi instance","duration":1.4239999999999782,"failureMessages":[],"meta":{}},{"ancestorTitles":["createJournalApi"],"fullName":"createJournalApi should work identically to constructor","status":"passed","title":"should work identically to constructor","duration":1.0989999999999327,"failureMessages":[],"meta":{}}],"startTime":1773346814209,"endTime":1773346814299.099,"status":"passed","message":"","name":"C:/Users/chris/Desktop/memory-journal-mcp/tests/codemode/api.test.ts"},{"assertionResults":[{"ancestorTitles":["mj_execute_code Tool Handler","tool definition"],"fullName":"mj_execute_code Tool Handler tool definition should be included in tool listing","status":"passed","title":"should be included in tool listing","duration":45.809499999999844,"failureMessages":[],"meta":{}},{"ancestorTitles":["mj_execute_code Tool Handler","tool definition"],"fullName":"mj_execute_code Tool Handler tool definition should have inputSchema (no outputSchema ΓÇö uses text response path)","status":"passed","title":"should have inputSchema (no outputSchema ΓÇö uses text response path)","duration":1.1635000000001128,"failureMessages":[],"meta":{}},{"ancestorTitles":["mj_execute_code Tool Handler","tool definition"],"fullName":"mj_execute_code Tool Handler tool definition should have correct description mentioning sandbox and API","status":"passed","title":"should have correct description mentioning sandbox and API","duration":0.8725000000004002,"failureMessages":[],"meta":{}},{"ancestorTitles":["mj_execute_code Tool Handler","tool definition"],"fullName":"mj_execute_code Tool Handler tool definition should have annotations with readOnlyHint=false","status":"passed","title":"should have annotations with readOnlyHint=false","duration":0.8108999999999469,"failureMessages":[],"meta":{}},{"ancestorTitles":["mj_execute_code Tool Handler","tool definition"],"fullName":"mj_execute_code Tool Handler tool definition should total 44 tools across all groups","status":"passed","title":"should total 44 tools across all groups","duration":0.5216000000000349,"failureMessages":[],"meta":{}},{"ancestorTitles":["mj_execute_code Tool Handler","security validation"],"fullName":"mj_execute_code Tool Handler security validation should reject code with require()","status":"passed","title":"should reject code with require()","duration":5.73739999999998,"failureMessages":[],"meta":{}},{"ancestorTitles":["mj_execute_code Tool Handler","security validation"],"fullName":"mj_execute_code Tool Handler security validation should reject code with process access","status":"passed","title":"should reject code with process access","duration":1.4253999999996267,"failureMessages":[],"meta":{}},{"ancestorTitles":["mj_execute_code Tool Handler","security validation"],"fullName":"mj_execute_code Tool Handler security validation should reject code with dynamic import","status":"passed","title":"should reject code with dynamic import","duration":0.9506000000001222,"failureMessages":[],"meta":{}},{"ancestorTitles":["mj_execute_code Tool Handler","security validation"],"fullName":"mj_execute_code Tool Handler security validation should reject code with eval()","status":"passed","title":"should reject code with eval()","duration":0.9177999999997155,"failureMessages":[],"meta":{}},{"ancestorTitles":["mj_execute_code Tool Handler","security validation"],"fullName":"mj_execute_code Tool Handler security validation should reject code with Function constructor","status":"passed","title":"should reject code with Function constructor","duration":1.977100000000064,"failureMessages":[],"meta":{}},{"ancestorTitles":["mj_execute_code Tool Handler","security validation"],"fullName":"mj_execute_code Tool Handler security validation should reject code with __proto__ access","status":"passed","title":"should reject code with __proto__ access","duration":0.9520999999999731,"failureMessages":[],"meta":{}},{"ancestorTitles":["mj_execute_code Tool Handler","security validation"],"fullName":"mj_execute_code Tool Handler security validation should reject code with child_process","status":"passed","title":"should reject code with child_process","duration":1.139599999999973,"failureMessages":[],"meta":{}},{"ancestorTitles":["mj_execute_code Tool Handler","security validation"],"fullName":"mj_execute_code Tool Handler security validation should reject code with fs access","status":"passed","title":"should reject code with fs access","duration":0.8297999999999774,"failureMessages":[],"meta":{}},{"ancestorTitles":["mj_execute_code Tool Handler","schema validation"],"fullName":"mj_execute_code Tool Handler schema validation should reject missing code parameter","status":"passed","title":"should reject missing code parameter","duration":24.305499999999938,"failureMessages":[],"meta":{}},{"ancestorTitles":["mj_execute_code Tool Handler","schema validation"],"fullName":"mj_execute_code Tool Handler schema validation should reject empty string code","status":"passed","title":"should reject empty string code","duration":1.277900000000045,"failureMessages":[],"meta":{}}],"startTime":1773346810661,"endTime":1773346810776.2778,"status":"passed","message":"","name":"C:/Users/chris/Desktop/memory-journal-mcp/tests/codemode/codemode-tool-handlers.test.ts"},{"assertionResults":[{"ancestorTitles":["Sandbox Factory","default mode"],"fullName":"Sandbox Factory default mode should default to worker mode","status":"passed","title":"should default to worker mode","duration":4.901299999999992,"failureMessages":[],"meta":{}},{"ancestorTitles":["Sandbox Factory","default mode"],"fullName":"Sandbox Factory default mode should allow setting to vm mode","status":"passed","title":"should allow setting to vm mode","duration":0.7880000000000109,"failureMessages":[],"meta":{}},{"ancestorTitles":["Sandbox Factory","default mode"],"fullName":"Sandbox Factory default mode should allow setting back to worker mode","status":"passed","title":"should allow setting back to worker mode","duration":0.529700000000048,"failureMessages":[],"meta":{}},{"ancestorTitles":["Sandbox Factory","getAvailableSandboxModes"],"fullName":"Sandbox Factory getAvailableSandboxModes should return both vm and worker modes","status":"passed","title":"should return both vm and worker modes","duration":5.030500000000075,"failureMessages":[],"meta":{}},{"ancestorTitles":["Sandbox Factory","createSandbox"],"fullName":"Sandbox Factory createSandbox should create a VM sandbox when mode is vm","status":"passed","title":"should create a VM sandbox when mode is vm","duration":1.8313000000000557,"failureMessages":[],"meta":{}},{"ancestorTitles":["Sandbox Factory","createSandbox"],"fullName":"Sandbox Factory createSandbox should create a Worker sandbox when mode is worker","status":"passed","title":"should create a Worker sandbox when mode is worker","duration":0.8457000000000789,"failureMessages":[],"meta":{}},{"ancestorTitles":["Sandbox Factory","createSandbox"],"fullName":"Sandbox Factory createSandbox should use default mode when not specified","status":"passed","title":"should use default mode when not specified","duration":0.9981000000000222,"failureMessages":[],"meta":{}},{"ancestorTitles":["Sandbox Factory","createSandbox"],"fullName":"Sandbox Factory createSandbox should throw for unknown mode","status":"passed","title":"should throw for unknown mode","duration":3.4775999999999385,"failureMessages":[],"meta":{}},{"ancestorTitles":["Sandbox Factory","createSandboxPool"],"fullName":"Sandbox Factory createSandboxPool should create a VM pool when mode is vm","status":"passed","title":"should create a VM pool when mode is vm","duration":1.9005999999999403,"failureMessages":[],"meta":{}},{"ancestorTitles":["Sandbox Factory","createSandboxPool"],"fullName":"Sandbox Factory createSandboxPool should create a Worker pool when mode is worker","status":"passed","title":"should create a Worker pool when mode is worker","duration":0.9279000000001361,"failureMessages":[],"meta":{}},{"ancestorTitles":["Sandbox Factory","createSandboxPool"],"fullName":"Sandbox Factory createSandboxPool should use default mode when not specified","status":"passed","title":"should use default mode when not specified","duration":0.3557999999998174,"failureMessages":[],"meta":{}},{"ancestorTitles":["Sandbox Factory","createSandboxPool"],"fullName":"Sandbox Factory createSandboxPool should throw for unknown mode","status":"passed","title":"should throw for unknown mode","duration":1.0502999999998792,"failureMessages":[],"meta":{}},{"ancestorTitles":["Sandbox Factory","getSandboxModeInfo"],"fullName":"Sandbox Factory getSandboxModeInfo should return VM info","status":"passed","title":"should return VM info","duration":0.9682999999999993,"failureMessages":[],"meta":{}},{"ancestorTitles":["Sandbox Factory","getSandboxModeInfo"],"fullName":"Sandbox Factory getSandboxModeInfo should return Worker info","status":"passed","title":"should return Worker info","duration":0.6459999999999582,"failureMessages":[],"meta":{}},{"ancestorTitles":["Sandbox Factory","getSandboxModeInfo"],"fullName":"Sandbox Factory getSandboxModeInfo should use default mode when not specified","status":"passed","title":"should use default mode when not specified","duration":0.38429999999993925,"failureMessages":[],"meta":{}},{"ancestorTitles":["Sandbox Factory","getSandboxModeInfo"],"fullName":"Sandbox Factory getSandboxModeInfo should throw for unknown mode","status":"passed","title":"should throw for unknown mode","duration":0.8546000000001186,"failureMessages":[],"meta":{}}],"startTime":1773346814654,"endTime":1773346814683.8545,"status":"passed","message":"","name":"C:/Users/chris/Desktop/memory-journal-mcp/tests/codemode/sandbox-factory.test.ts"},{"assertionResults":[{"ancestorTitles":["CodeModeSandbox","construction"],"fullName":"CodeModeSandbox construction should create with default options","status":"passed","title":"should create with default options","duration":4.313699999999926,"failureMessages":[],"meta":{}},{"ancestorTitles":["CodeModeSandbox","construction"],"fullName":"CodeModeSandbox construction should accept custom options","status":"passed","title":"should accept custom options","duration":0.975400000000036,"failureMessages":[],"meta":{}},{"ancestorTitles":["CodeModeSandbox","cache"],"fullName":"CodeModeSandbox cache should start with empty cache","status":"passed","title":"should start with empty cache","duration":0.9131999999999607,"failureMessages":[],"meta":{}},{"ancestorTitles":["CodeModeSandbox","cache"],"fullName":"CodeModeSandbox cache should clear cache without errors","status":"passed","title":"should clear cache without errors","duration":0.9073000000000775,"failureMessages":[],"meta":{}},{"ancestorTitles":["CodeModeSandbox","cache"],"fullName":"CodeModeSandbox cache should report cache size as a number","status":"passed","title":"should report cache size as a number","duration":0.7066999999999553,"failureMessages":[],"meta":{}},{"ancestorTitles":["SandboxPool"],"fullName":"SandboxPool should create with default options","status":"passed","title":"should create with default options","duration":1.5815999999999804,"failureMessages":[],"meta":{}},{"ancestorTitles":["SandboxPool"],"fullName":"SandboxPool should create with custom options","status":"passed","title":"should create with custom options","duration":0.47859999999991487,"failureMessages":[],"meta":{}},{"ancestorTitles":["SandboxPool"],"fullName":"SandboxPool should track active count starting at zero","status":"passed","title":"should track active count starting at zero","duration":0.4674999999999727,"failureMessages":[],"meta":{}},{"ancestorTitles":["SandboxPool"],"fullName":"SandboxPool should have a unique pool ID","status":"passed","title":"should have a unique pool ID","duration":2.504899999999907,"failureMessages":[],"meta":{}},{"ancestorTitles":["SandboxPool"],"fullName":"SandboxPool should generate valid UUID pool IDs","status":"passed","title":"should generate valid UUID pool IDs","duration":1.0996000000000095,"failureMessages":[],"meta":{}}],"startTime":1773346816460,"endTime":1773346816476.0996,"status":"passed","message":"","name":"C:/Users/chris/Desktop/memory-journal-mcp/tests/codemode/sandbox.test.ts"},{"assertionResults":[{"ancestorTitles":["CodeModeSecurityManager","validateCode"],"fullName":"CodeModeSecurityManager validateCode should accept valid code","status":"passed","title":"should accept valid code","duration":8.864999999999782,"failureMessages":[],"meta":{}},{"ancestorTitles":["CodeModeSecurityManager","validateCode"],"fullName":"CodeModeSecurityManager validateCode should reject empty code","status":"passed","title":"should reject empty code","duration":2.4454000000000633,"failureMessages":[],"meta":{}},{"ancestorTitles":["CodeModeSecurityManager","validateCode"],"fullName":"CodeModeSecurityManager validateCode should reject code exceeding max length","status":"passed","title":"should reject code exceeding max length","duration":0.8614999999999782,"failureMessages":[],"meta":{}},{"ancestorTitles":["CodeModeSecurityManager","validateCode"],"fullName":"CodeModeSecurityManager validateCode should reject require() calls","status":"passed","title":"should reject require() calls","duration":0.8455999999996493,"failureMessages":[],"meta":{}},{"ancestorTitles":["CodeModeSecurityManager","validateCode"],"fullName":"CodeModeSecurityManager validateCode should reject dynamic import()","status":"passed","title":"should reject dynamic import()","duration":0.95699999999988,"failureMessages":[],"meta":{}},{"ancestorTitles":["CodeModeSecurityManager","validateCode"],"fullName":"CodeModeSecurityManager validateCode should reject process access","status":"passed","title":"should reject process access","duration":0.47040000000015425,"failureMessages":[],"meta":{}},{"ancestorTitles":["CodeModeSecurityManager","validateCode"],"fullName":"CodeModeSecurityManager validateCode should reject global access","status":"passed","title":"should reject global access","duration":0.46769999999969514,"failureMessages":[],"meta":{}},{"ancestorTitles":["CodeModeSecurityManager","validateCode"],"fullName":"CodeModeSecurityManager validateCode should reject globalThis access","status":"passed","title":"should reject globalThis access","duration":0.5157999999996719,"failureMessages":[],"meta":{}},{"ancestorTitles":["CodeModeSecurityManager","validateCode"],"fullName":"CodeModeSecurityManager validateCode should reject eval()","status":"passed","title":"should reject eval()","duration":0.4619999999999891,"failureMessages":[],"meta":{}},{"ancestorTitles":["CodeModeSecurityManager","validateCode"],"fullName":"CodeModeSecurityManager validateCode should reject Function constructor","status":"passed","title":"should reject Function constructor","duration":0.5497999999997774,"failureMessages":[],"meta":{}},{"ancestorTitles":["CodeModeSecurityManager","validateCode"],"fullName":"CodeModeSecurityManager validateCode should reject __proto__ access","status":"passed","title":"should reject __proto__ access","duration":0.39330000000018117,"failureMessages":[],"meta":{}},{"ancestorTitles":["CodeModeSecurityManager","validateCode"],"fullName":"CodeModeSecurityManager validateCode should reject constructor.constructor chaining","status":"passed","title":"should reject constructor.constructor chaining","duration":0.4048000000002503,"failureMessages":[],"meta":{}},{"ancestorTitles":["CodeModeSecurityManager","validateCode"],"fullName":"CodeModeSecurityManager validateCode should reject child_process","status":"passed","title":"should reject child_process","duration":0.2964999999999236,"failureMessages":[],"meta":{}},{"ancestorTitles":["CodeModeSecurityManager","validateCode"],"fullName":"CodeModeSecurityManager validateCode should reject fs access","status":"passed","title":"should reject fs access","duration":0.323399999999765,"failureMessages":[],"meta":{}},{"ancestorTitles":["CodeModeSecurityManager","validateCode"],"fullName":"CodeModeSecurityManager validateCode should reject net access","status":"passed","title":"should reject net access","duration":0.33390000000008513,"failureMessages":[],"meta":{}},{"ancestorTitles":["CodeModeSecurityManager","validateCode"],"fullName":"CodeModeSecurityManager validateCode should reject http access","status":"passed","title":"should reject http access","duration":0.37609999999995125,"failureMessages":[],"meta":{}},{"ancestorTitles":["CodeModeSecurityManager","validateCode"],"fullName":"CodeModeSecurityManager validateCode should reject https access","status":"passed","title":"should reject https access","duration":0.34560000000010405,"failureMessages":[],"meta":{}},{"ancestorTitles":["CodeModeSecurityManager","validateCode"],"fullName":"CodeModeSecurityManager validateCode should reject bracket-notation constructor access","status":"passed","title":"should reject bracket-notation constructor access","duration":0.30130000000008295,"failureMessages":[],"meta":{}},{"ancestorTitles":["CodeModeSecurityManager","validateCode"],"fullName":"CodeModeSecurityManager validateCode should reject Reflect.construct","status":"passed","title":"should reject Reflect.construct","duration":0.31100000000014916,"failureMessages":[],"meta":{}},{"ancestorTitles":["CodeModeSecurityManager","validateCode"],"fullName":"CodeModeSecurityManager validateCode should accumulate multiple violations","status":"passed","title":"should accumulate multiple violations","duration":0.4643999999998414,"failureMessages":[],"meta":{}},{"ancestorTitles":["CodeModeSecurityManager","validateCode"],"fullName":"CodeModeSecurityManager validateCode should allow safe API calls","status":"passed","title":"should allow safe API calls","duration":0.3012999999996282,"failureMessages":[],"meta":{}},{"ancestorTitles":["CodeModeSecurityManager","checkRateLimit"],"fullName":"CodeModeSecurityManager checkRateLimit should allow first execution","status":"passed","title":"should allow first execution","duration":0.5116000000002714,"failureMessages":[],"meta":{}},{"ancestorTitles":["CodeModeSecurityManager","checkRateLimit"],"fullName":"CodeModeSecurityManager checkRateLimit should allow up to maxExecutionsPerMinute","status":"passed","title":"should allow up to maxExecutionsPerMinute","duration":0.5216000000000349,"failureMessages":[],"meta":{}},{"ancestorTitles":["CodeModeSecurityManager","checkRateLimit"],"fullName":"CodeModeSecurityManager checkRateLimit should track clients independently","status":"passed","title":"should track clients independently","duration":0.46070000000008804,"failureMessages":[],"meta":{}},{"ancestorTitles":["CodeModeSecurityManager","checkRateLimit"],"fullName":"CodeModeSecurityManager checkRateLimit should reset after window expires","status":"passed","title":"should reset after window expires","duration":0.66800000000012,"failureMessages":[],"meta":{}},{"ancestorTitles":["CodeModeSecurityManager","cleanupRateLimits"],"fullName":"CodeModeSecurityManager cleanupRateLimits should not throw when empty","status":"passed","title":"should not throw when empty","duration":2.2883999999999105,"failureMessages":[],"meta":{}},{"ancestorTitles":["CodeModeSecurityManager","cleanupRateLimits"],"fullName":"CodeModeSecurityManager cleanupRateLimits should remove expired entries","status":"passed","title":"should remove expired entries","duration":0.4701999999997497,"failureMessages":[],"meta":{}},{"ancestorTitles":["CodeModeSecurityManager","validateResultSize"],"fullName":"CodeModeSecurityManager validateResultSize should accept small results","status":"passed","title":"should accept small results","duration":0.6003999999998086,"failureMessages":[],"meta":{}},{"ancestorTitles":["CodeModeSecurityManager","validateResultSize"],"fullName":"CodeModeSecurityManager validateResultSize should reject oversized results","status":"passed","title":"should reject oversized results","duration":0.5232999999998356,"failureMessages":[],"meta":{}},{"ancestorTitles":["CodeModeSecurityManager","validateResultSize"],"fullName":"CodeModeSecurityManager validateResultSize should reject non-serializable results","status":"passed","title":"should reject non-serializable results","duration":47.05099999999993,"failureMessages":[],"meta":{}},{"ancestorTitles":["CodeModeSecurityManager","getConfig"],"fullName":"CodeModeSecurityManager getConfig should return default config","status":"passed","title":"should return default config","duration":1.1761999999998807,"failureMessages":[],"meta":{}},{"ancestorTitles":["CodeModeSecurityManager","getConfig"],"fullName":"CodeModeSecurityManager getConfig should reflect custom config","status":"passed","title":"should reflect custom config","duration":0.4048999999999978,"failureMessages":[],"meta":{}}],"startTime":1773346813045,"endTime":1773346813122.4048,"status":"passed","message":"","name":"C:/Users/chris/Desktop/memory-journal-mcp/tests/codemode/security.test.ts"},{"assertionResults":[{"ancestorTitles":["Tool group icons"],"fullName":"Tool group icons 'ICON_CORE' should have valid SVG data URI","status":"passed","title":"'ICON_CORE' should have valid SVG data URI","duration":7.302400000000034,"failureMessages":[],"meta":{}},{"ancestorTitles":["Tool group icons"],"fullName":"Tool group icons 'ICON_SEARCH' should have valid SVG data URI","status":"passed","title":"'ICON_SEARCH' should have valid SVG data URI","duration":1.047900000000027,"failureMessages":[],"meta":{}},{"ancestorTitles":["Tool group icons"],"fullName":"Tool group icons 'ICON_ANALYTICS' should have valid SVG data URI","status":"passed","title":"'ICON_ANALYTICS' should have valid SVG data URI","duration":0.8098999999999705,"failureMessages":[],"meta":{}},{"ancestorTitles":["Tool group icons"],"fullName":"Tool group icons 'ICON_RELATIONSHIPS' should have valid SVG data URI","status":"passed","title":"'ICON_RELATIONSHIPS' should have valid SVG data URI","duration":2.3823999999999614,"failureMessages":[],"meta":{}},{"ancestorTitles":["Tool group icons"],"fullName":"Tool group icons 'ICON_EXPORT' should have valid SVG data URI","status":"passed","title":"'ICON_EXPORT' should have valid SVG data URI","duration":0.7904999999998381,"failureMessages":[],"meta":{}},{"ancestorTitles":["Tool group icons"],"fullName":"Tool group icons 'ICON_ADMIN' should have valid SVG data URI","status":"passed","title":"'ICON_ADMIN' should have valid SVG data URI","duration":0.8795000000000073,"failureMessages":[],"meta":{}},{"ancestorTitles":["Tool group icons"],"fullName":"Tool group icons 'ICON_GITHUB' should have valid SVG data URI","status":"passed","title":"'ICON_GITHUB' should have valid SVG data URI","duration":0.7628999999999451,"failureMessages":[],"meta":{}},{"ancestorTitles":["Tool group icons"],"fullName":"Tool group icons 'ICON_BACKUP' should have valid SVG data URI","status":"passed","title":"'ICON_BACKUP' should have valid SVG data URI","duration":0.9955999999999676,"failureMessages":[],"meta":{}},{"ancestorTitles":["Resource icons"],"fullName":"Resource icons 'ICON_BRIEFING' should have valid SVG data URI","status":"passed","title":"'ICON_BRIEFING' should have valid SVG data URI","duration":1.0757000000000971,"failureMessages":[],"meta":{}},{"ancestorTitles":["Resource icons"],"fullName":"Resource icons 'ICON_CLOCK' should have valid SVG data URI","status":"passed","title":"'ICON_CLOCK' should have valid SVG data URI","duration":0.7197000000001026,"failureMessages":[],"meta":{}},{"ancestorTitles":["Resource icons"],"fullName":"Resource icons 'ICON_TAG' should have valid SVG data URI","status":"passed","title":"'ICON_TAG' should have valid SVG data URI","duration":0.4333000000001448,"failureMessages":[],"meta":{}},{"ancestorTitles":["Resource icons"],"fullName":"Resource icons 'ICON_STAR' should have valid SVG data URI","status":"passed","title":"'ICON_STAR' should have valid SVG data URI","duration":0.4653000000000702,"failureMessages":[],"meta":{}},{"ancestorTitles":["Resource icons"],"fullName":"Resource icons 'ICON_ISSUE' should have valid SVG data URI","status":"passed","title":"'ICON_ISSUE' should have valid SVG data URI","duration":0.48939999999993233,"failureMessages":[],"meta":{}},{"ancestorTitles":["Resource icons"],"fullName":"Resource icons 'ICON_PR' should have valid SVG data URI","status":"passed","title":"'ICON_PR' should have valid SVG data URI","duration":0.38629999999989195,"failureMessages":[],"meta":{}},{"ancestorTitles":["Resource icons"],"fullName":"Resource icons 'ICON_PROMPT' should have valid SVG data URI","status":"passed","title":"'ICON_PROMPT' should have valid SVG data URI","duration":1.1684000000000196,"failureMessages":[],"meta":{}},{"ancestorTitles":["getToolIcon"],"fullName":"getToolIcon should return icon array for valid groups","status":"passed","title":"should return icon array for valid groups","duration":2.5733999999999924,"failureMessages":[],"meta":{}},{"ancestorTitles":["getToolIcon"],"fullName":"getToolIcon should return undefined for unknown group","status":"passed","title":"should return undefined for unknown group","duration":0.4591000000000349,"failureMessages":[],"meta":{}}],"startTime":1773346815531,"endTime":1773346815556.459,"status":"passed","message":"","name":"C:/Users/chris/Desktop/memory-journal-mcp/tests/constants/icons.test.ts"},{"assertionResults":[{"ancestorTitles":["generateInstructions","essential level"],"fullName":"generateInstructions essential level should return non-empty string","status":"passed","title":"should return non-empty string","duration":5.585699999999861,"failureMessages":[],"meta":{}},{"ancestorTitles":["generateInstructions","essential level"],"fullName":"generateInstructions essential level should include core behaviors","status":"passed","title":"should include core behaviors","duration":0.863700000000108,"failureMessages":[],"meta":{}},{"ancestorTitles":["generateInstructions","essential level"],"fullName":"generateInstructions essential level should include Quick Access table","status":"passed","title":"should include Quick Access table","duration":0.7015000000001237,"failureMessages":[],"meta":{}},{"ancestorTitles":["generateInstructions","essential level"],"fullName":"generateInstructions essential level should include all three Behaviors bullets","status":"passed","title":"should include all three Behaviors bullets","duration":0.5759000000000469,"failureMessages":[],"meta":{}},{"ancestorTitles":["generateInstructions","essential level"],"fullName":"generateInstructions essential level should not include tool parameter reference","status":"passed","title":"should not include tool parameter reference","duration":0.6096999999999753,"failureMessages":[],"meta":{}},{"ancestorTitles":["generateInstructions","essential level"],"fullName":"generateInstructions essential level should not include GitHub Integration heading","status":"passed","title":"should not include GitHub Integration heading","duration":0.3251000000000204,"failureMessages":[],"meta":{}},{"ancestorTitles":["generateInstructions","essential level"],"fullName":"generateInstructions essential level should not include Session End section (replaced by session-summary prompt)","status":"passed","title":"should not include Session End section (replaced by session-summary prompt)","duration":0.3686999999999898,"failureMessages":[],"meta":{}},{"ancestorTitles":["generateInstructions","essential level"],"fullName":"generateInstructions essential level should include Rule & Skill Suggestions section","status":"passed","title":"should include Rule & Skill Suggestions section","duration":0.4171000000001186,"failureMessages":[],"meta":{}},{"ancestorTitles":["generateInstructions","standard level"],"fullName":"generateInstructions standard level should include GitHub instructions","status":"passed","title":"should include GitHub instructions","duration":0.435399999999845,"failureMessages":[],"meta":{}},{"ancestorTitles":["generateInstructions","standard level"],"fullName":"generateInstructions standard level should include GitHub integration patterns","status":"passed","title":"should include GitHub integration patterns","duration":0.8691000000001168,"failureMessages":[],"meta":{}},{"ancestorTitles":["generateInstructions","standard level"],"fullName":"generateInstructions standard level should not include tool parameter reference","status":"passed","title":"should not include tool parameter reference","duration":0.33740000000011605,"failureMessages":[],"meta":{}},{"ancestorTitles":["generateInstructions","full level"],"fullName":"generateInstructions full level should include tool parameter reference","status":"passed","title":"should include tool parameter reference","duration":0.8171999999999571,"failureMessages":[],"meta":{}},{"ancestorTitles":["generateInstructions","full level"],"fullName":"generateInstructions full level should include active tools listing","status":"passed","title":"should include active tools listing","duration":0.4294999999999618,"failureMessages":[],"meta":{}},{"ancestorTitles":["generateInstructions","full level"],"fullName":"generateInstructions full level should include prompts section","status":"passed","title":"should include prompts section","duration":0.5078999999998359,"failureMessages":[],"meta":{}},{"ancestorTitles":["generateInstructions","full level"],"fullName":"generateInstructions full level should include key resources section","status":"passed","title":"should include key resources section","duration":0.3919999999998254,"failureMessages":[],"meta":{}},{"ancestorTitles":["generateInstructions","full level ΓÇö entry operations tools"],"fullName":"generateInstructions full level ΓÇö entry operations tools should list all 7 entry operation tools","status":"passed","title":"should list all 7 entry operation tools","duration":0.684400000000096,"failureMessages":[],"meta":{}},{"ancestorTitles":["generateInstructions","full level ΓÇö entry operations tools"],"fullName":"generateInstructions full level ΓÇö entry operations tools should document correct get_recent_entries default limit of 5","status":"passed","title":"should document correct get_recent_entries default limit of 5","duration":0.3614000000000033,"failureMessages":[],"meta":{}},{"ancestorTitles":["generateInstructions","full level ΓÇö entry operations tools"],"fullName":"generateInstructions full level ΓÇö entry operations tools should document get_entry_by_id include_relationships param","status":"passed","title":"should document get_entry_by_id include_relationships param","duration":0.31890000000021246,"failureMessages":[],"meta":{}},{"ancestorTitles":["generateInstructions","full level ΓÇö entry operations tools"],"fullName":"generateInstructions full level ΓÇö entry operations tools should document create_entry GitHub linking params","status":"passed","title":"should document create_entry GitHub linking params","duration":0.49329999999986285,"failureMessages":[],"meta":{}},{"ancestorTitles":["generateInstructions","full level ΓÇö search tools"],"fullName":"generateInstructions full level ΓÇö search tools should list all 4 search tools","status":"passed","title":"should list all 4 search tools","duration":0.5252000000000407,"failureMessages":[],"meta":{}},{"ancestorTitles":["generateInstructions","full level ΓÇö search tools"],"fullName":"generateInstructions full level ΓÇö search tools should document correct similarity_threshold default of 0.25","status":"passed","title":"should document correct similarity_threshold default of 0.25","duration":0.35200000000008913,"failureMessages":[],"meta":{}},{"ancestorTitles":["generateInstructions","full level ΓÇö search tools"],"fullName":"generateInstructions full level ΓÇö search tools should document search_entries filter params","status":"passed","title":"should document search_entries filter params","duration":0.39629999999988286,"failureMessages":[],"meta":{}},{"ancestorTitles":["generateInstructions","full level ΓÇö search tools"],"fullName":"generateInstructions full level ΓÇö search tools should document hint_on_empty param for semantic_search","status":"passed","title":"should document hint_on_empty param for semantic_search","duration":0.3927000000001044,"failureMessages":[],"meta":{}},{"ancestorTitles":["generateInstructions","full level ΓÇö relationship tools"],"fullName":"generateInstructions full level ΓÇö relationship tools should list both relationship tools","status":"passed","title":"should list both relationship tools","duration":0.4796000000001186,"failureMessages":[],"meta":{}},{"ancestorTitles":["generateInstructions","full level ΓÇö relationship tools"],"fullName":"generateInstructions full level ΓÇö relationship tools should list all 8 relationship types including causal","status":"passed","title":"should list all 8 relationship types including causal","duration":0.8812000000000353,"failureMessages":[],"meta":{}},{"ancestorTitles":["generateInstructions","full level ΓÇö relationship tools"],"fullName":"generateInstructions full level ΓÇö relationship tools should document visualize_relationships optional params","status":"passed","title":"should document visualize_relationships optional params","duration":0.5404999999998381,"failureMessages":[],"meta":{}},{"ancestorTitles":["generateInstructions","full level ΓÇö github tools"],"fullName":"generateInstructions full level ΓÇö github tools should list all 5 GitHub read tools","status":"passed","title":"should list all 5 GitHub read tools","duration":2.618099999999913,"failureMessages":[],"meta":{}},{"ancestorTitles":["generateInstructions","full level ΓÇö github tools"],"fullName":"generateInstructions full level ΓÇö github tools should document get_repo_insights tool","status":"passed","title":"should document get_repo_insights tool","duration":0.4259999999999309,"failureMessages":[],"meta":{}},{"ancestorTitles":["generateInstructions","full level ΓÇö github tools"],"fullName":"generateInstructions full level ΓÇö github tools should document owner/repo auto-detection","status":"passed","title":"should document owner/repo auto-detection","duration":0.4017999999998665,"failureMessages":[],"meta":{}},{"ancestorTitles":["generateInstructions","full level ΓÇö issue lifecycle tools"],"fullName":"generateInstructions full level ΓÇö issue lifecycle tools should include Issue Lifecycle Tools section","status":"passed","title":"should include Issue Lifecycle Tools section","duration":0.29529999999999745,"failureMessages":[],"meta":{}},{"ancestorTitles":["generateInstructions","full level ΓÇö issue lifecycle tools"],"fullName":"generateInstructions full level ΓÇö issue lifecycle tools should document create_github_issue_with_entry","status":"passed","title":"should document create_github_issue_with_entry","duration":0.41190000000005966,"failureMessages":[],"meta":{}},{"ancestorTitles":["generateInstructions","full level ΓÇö issue lifecycle tools"],"fullName":"generateInstructions full level ΓÇö issue lifecycle tools should document close_github_issue_with_entry","status":"passed","title":"should document close_github_issue_with_entry","duration":0.4420000000000073,"failureMessages":[],"meta":{}},{"ancestorTitles":["generateInstructions","full level ΓÇö kanban tools"],"fullName":"generateInstructions full level ΓÇö kanban tools should list both kanban tools","status":"passed","title":"should list both kanban tools","duration":0.328899999999976,"failureMessages":[],"meta":{}},{"ancestorTitles":["generateInstructions","full level ΓÇö kanban tools"],"fullName":"generateInstructions full level ΓÇö kanban tools should document kanban resources","status":"passed","title":"should document kanban resources","duration":0.3085000000000946,"failureMessages":[],"meta":{}},{"ancestorTitles":["generateInstructions","full level ΓÇö kanban tools"],"fullName":"generateInstructions full level ΓÇö kanban tools should document default status columns","status":"passed","title":"should document default status columns","duration":0.3863000000001193,"failureMessages":[],"meta":{}},{"ancestorTitles":["generateInstructions","full level ΓÇö milestone tools"],"fullName":"generateInstructions full level ΓÇö milestone tools should list all 5 milestone tools","status":"passed","title":"should list all 5 milestone tools","duration":0.5416999999999916,"failureMessages":[],"meta":{}},{"ancestorTitles":["generateInstructions","full level ΓÇö milestone tools"],"fullName":"generateInstructions full level ΓÇö milestone tools should document milestone resources","status":"passed","title":"should document milestone resources","duration":0.46270000000004075,"failureMessages":[],"meta":{}},{"ancestorTitles":["generateInstructions","full level ΓÇö admin tools"],"fullName":"generateInstructions full level ΓÇö admin tools should list all admin tools with correct param names","status":"passed","title":"should list all admin tools with correct param names","duration":1.7734000000000378,"failureMessages":[],"meta":{}},{"ancestorTitles":["generateInstructions","full level ΓÇö admin tools"],"fullName":"generateInstructions full level ΓÇö admin tools should use correct param name for backup_journal (name, not backup_name)","status":"passed","title":"should use correct param name for backup_journal (name, not backup_name)","duration":1.3829000000000633,"failureMessages":[],"meta":{}},{"ancestorTitles":["generateInstructions","full level ΓÇö admin tools"],"fullName":"generateInstructions full level ΓÇö admin tools should use correct param name for restore_backup (filename, not backup_filename)","status":"passed","title":"should use correct param name for restore_backup (filename, not backup_filename)","duration":0.31349999999997635,"failureMessages":[],"meta":{}},{"ancestorTitles":["generateInstructions","full level ΓÇö admin tools"],"fullName":"generateInstructions full level ΓÇö admin tools should document cleanup_backups keep_count param","status":"passed","title":"should document cleanup_backups keep_count param","duration":0.3794000000000324,"failureMessages":[],"meta":{}},{"ancestorTitles":["generateInstructions","full level ΓÇö export tools"],"fullName":"generateInstructions full level ΓÇö export tools should document export_entries with all optional params","status":"passed","title":"should document export_entries with all optional params","duration":7.016100000000051,"failureMessages":[],"meta":{}},{"ancestorTitles":["generateInstructions","full level ΓÇö entry types"],"fullName":"generateInstructions full level ΓÇö entry types should list all 13 entry types","status":"passed","title":"should list all 13 entry types","duration":1.4450999999999112,"failureMessages":[],"meta":{}},{"ancestorTitles":["generateInstructions","full level ΓÇö field notes"],"fullName":"generateInstructions full level ΓÇö field notes should include autoContext field note","status":"passed","title":"should include autoContext field note","duration":0.3975000000000364,"failureMessages":[],"meta":{}},{"ancestorTitles":["generateInstructions","full level ΓÇö field notes"],"fullName":"generateInstructions full level ΓÇö field notes should include memory://tags vs list_tags note","status":"passed","title":"should include memory://tags vs list_tags note","duration":0.2998999999999796,"failureMessages":[],"meta":{}},{"ancestorTitles":["generateInstructions","full level ΓÇö field notes"],"fullName":"generateInstructions full level ΓÇö field notes should include tag naming guidance","status":"passed","title":"should include tag naming guidance","duration":0.37229999999999563,"failureMessages":[],"meta":{}},{"ancestorTitles":["generateInstructions","full level ΓÇö field notes"],"fullName":"generateInstructions full level ΓÇö field notes should include prStatus field note","status":"passed","title":"should include prStatus field note","duration":0.3067000000000917,"failureMessages":[],"meta":{}},{"ancestorTitles":["generateInstructions","full level ΓÇö field notes"],"fullName":"generateInstructions full level ΓÇö field notes should include restore_backup behavior note","status":"passed","title":"should include restore_backup behavior note","duration":0.28330000000005384,"failureMessages":[],"meta":{}},{"ancestorTitles":["generateInstructions","full level ΓÇö field notes"],"fullName":"generateInstructions full level ΓÇö field notes should include semantic search thresholds note with correct default","status":"passed","title":"should include semantic search thresholds note with correct default","duration":0.30989999999997053,"failureMessages":[],"meta":{}},{"ancestorTitles":["generateInstructions","full level ΓÇö field notes"],"fullName":"generateInstructions full level ΓÇö field notes should include causal relationship types note","status":"passed","title":"should include causal relationship types note","duration":0.3066999999998643,"failureMessages":[],"meta":{}},{"ancestorTitles":["generateInstructions","full level ΓÇö field notes"],"fullName":"generateInstructions full level ΓÇö field notes should include enhanced analytics note","status":"passed","title":"should include enhanced analytics note","duration":0.5075999999999112,"failureMessages":[],"meta":{}},{"ancestorTitles":["generateInstructions","full level ΓÇö field notes"],"fullName":"generateInstructions full level ΓÇö field notes should include importance scores note with importanceBreakdown","status":"passed","title":"should include importance scores note with importanceBreakdown","duration":0.4623999999998887,"failureMessages":[],"meta":{}},{"ancestorTitles":["generateInstructions","full level ΓÇö field notes"],"fullName":"generateInstructions full level ΓÇö field notes should include inactiveThresholdDays note","status":"passed","title":"should include inactiveThresholdDays note","duration":0.28719999999998436,"failureMessages":[],"meta":{}},{"ancestorTitles":["generateInstructions","full level ΓÇö field notes"],"fullName":"generateInstructions full level ΓÇö field notes should include GitHub metadata in entries note","status":"passed","title":"should include GitHub metadata in entries note","duration":0.5393999999998869,"failureMessages":[],"meta":{}},{"ancestorTitles":["generateInstructions","full level ΓÇö field notes"],"fullName":"generateInstructions full level ΓÇö field notes should include delete_entry soft-deleted note","status":"passed","title":"should include delete_entry soft-deleted note","duration":0.3726999999998952,"failureMessages":[],"meta":{}},{"ancestorTitles":["generateInstructions","full level ΓÇö key resources table"],"fullName":"generateInstructions full level ΓÇö key resources table should include resource URI memory://health","status":"passed","title":"should include resource URI memory://health","duration":0.3329000000001088,"failureMessages":[],"meta":{}},{"ancestorTitles":["generateInstructions","full level ΓÇö key resources table"],"fullName":"generateInstructions full level ΓÇö key resources table should include resource URI memory://briefing","status":"passed","title":"should include resource URI memory://briefing","duration":0.3022999999998319,"failureMessages":[],"meta":{}},{"ancestorTitles":["generateInstructions","full level ΓÇö key resources table"],"fullName":"generateInstructions full level ΓÇö key resources table should include resource URI memory://instructions","status":"passed","title":"should include resource URI memory://instructions","duration":0.37580000000002656,"failureMessages":[],"meta":{}},{"ancestorTitles":["generateInstructions","full level ΓÇö key resources table"],"fullName":"generateInstructions full level ΓÇö key resources table should include resource URI memory://statistics","status":"passed","title":"should include resource URI memory://statistics","duration":0.2828999999999269,"failureMessages":[],"meta":{}},{"ancestorTitles":["generateInstructions","full level ΓÇö key resources table"],"fullName":"generateInstructions full level ΓÇö key resources table should include resource URI memory://recent","status":"passed","title":"should include resource URI memory://recent","duration":0.2830999999998767,"failureMessages":[],"meta":{}},{"ancestorTitles":["generateInstructions","full level ΓÇö key resources table"],"fullName":"generateInstructions full level ΓÇö key resources table should include resource URI memory://tags","status":"passed","title":"should include resource URI memory://tags","duration":0.2907999999999902,"failureMessages":[],"meta":{}},{"ancestorTitles":["generateInstructions","full level ΓÇö key resources table"],"fullName":"generateInstructions full level ΓÇö key resources table should include resource URI memory://significant","status":"passed","title":"should include resource URI memory://significant","duration":0.2644000000000233,"failureMessages":[],"meta":{}},{"ancestorTitles":["generateInstructions","full level ΓÇö key resources table"],"fullName":"generateInstructions full level ΓÇö key resources table should include resource URI memory://graph/recent","status":"passed","title":"should include resource URI memory://graph/recent","duration":3.5282999999999447,"failureMessages":[],"meta":{}},{"ancestorTitles":["generateInstructions","full level ΓÇö key resources table"],"fullName":"generateInstructions full level ΓÇö key resources table should include resource URI memory://graph/actions","status":"passed","title":"should include resource URI memory://graph/actions","duration":0.3145999999999276,"failureMessages":[],"meta":{}},{"ancestorTitles":["generateInstructions","full level ΓÇö key resources table"],"fullName":"generateInstructions full level ΓÇö key resources table should include resource URI memory://actions/recent","status":"passed","title":"should include resource URI memory://actions/recent","duration":0.30150000000003274,"failureMessages":[],"meta":{}},{"ancestorTitles":["generateInstructions","full level ΓÇö key resources table"],"fullName":"generateInstructions full level ΓÇö key resources table should include resource URI memory://github/status","status":"passed","title":"should include resource URI memory://github/status","duration":0.22530000000006112,"failureMessages":[],"meta":{}},{"ancestorTitles":["generateInstructions","full level ΓÇö key resources table"],"fullName":"generateInstructions full level ΓÇö key resources table should include resource URI memory://github/milestones","status":"passed","title":"should include resource URI memory://github/milestones","duration":0.2699999999999818,"failureMessages":[],"meta":{}},{"ancestorTitles":["generateInstructions","full level ΓÇö key resources table"],"fullName":"generateInstructions full level ΓÇö key resources table should include resource URI memory://github/insights","status":"passed","title":"should include resource URI memory://github/insights","duration":0.2320999999999458,"failureMessages":[],"meta":{}},{"ancestorTitles":["generateInstructions","full level ΓÇö key resources table"],"fullName":"generateInstructions full level ΓÇö key resources table should include resource URI memory://kanban/{n}","status":"passed","title":"should include resource URI memory://kanban/{n}","duration":0.26739999999995234,"failureMessages":[],"meta":{}},{"ancestorTitles":["generateInstructions","full level ΓÇö key resources table"],"fullName":"generateInstructions full level ΓÇö key resources table should include resource URI memory://kanban/{n}/diagram","status":"passed","title":"should include resource URI memory://kanban/{n}/diagram","duration":0.2199999999997999,"failureMessages":[],"meta":{}},{"ancestorTitles":["generateInstructions","full level ΓÇö key resources table"],"fullName":"generateInstructions full level ΓÇö key resources table should include resource URI memory://milestones/{n}","status":"passed","title":"should include resource URI memory://milestones/{n}","duration":0.25649999999996,"failureMessages":[],"meta":{}},{"ancestorTitles":["generateInstructions","tool count consistency"],"fullName":"generateInstructions tool count consistency should have 44 tools across all groups","status":"passed","title":"should have 44 tools across all groups","duration":0.7680000000000291,"failureMessages":[],"meta":{}},{"ancestorTitles":["generateInstructions","tool count consistency"],"fullName":"generateInstructions tool count consistency should show correct active tool count for all tools","status":"passed","title":"should show correct active tool count for all tools","duration":0.42990000000008877,"failureMessages":[],"meta":{}},{"ancestorTitles":["generateInstructions","tool count consistency"],"fullName":"generateInstructions tool count consistency should list all 9 tool groups in active tools","status":"passed","title":"should list all 9 tool groups in active tools","duration":1.2501999999999498,"failureMessages":[],"meta":{}},{"ancestorTitles":["generateInstructions","latest entry snapshot"],"fullName":"generateInstructions latest entry snapshot should include latest entry when provided","status":"passed","title":"should include latest entry when provided","duration":0.46679999999992106,"failureMessages":[],"meta":{}},{"ancestorTitles":["generateInstructions","latest entry snapshot"],"fullName":"generateInstructions latest entry snapshot should truncate long content with ellipsis","status":"passed","title":"should truncate long content with ellipsis","duration":0.3307999999999538,"failureMessages":[],"meta":{}},{"ancestorTitles":["generateInstructions","default level"],"fullName":"generateInstructions default level should default to standard level","status":"passed","title":"should default to standard level","duration":0.35989999999992506,"failureMessages":[],"meta":{}}],"startTime":1773346812565,"endTime":1773346812622.3599,"status":"passed","message":"","name":"C:/Users/chris/Desktop/memory-journal-mcp/tests/constants/server-instructions.test.ts"},{"assertionResults":[{"ancestorTitles":["WasmSqliteAdapter","initialize"],"fullName":"WasmSqliteAdapter initialize should be idempotent on re-init","status":"passed","title":"should be idempotent on re-init","duration":2.877899999999954,"failureMessages":[],"meta":{}},{"ancestorTitles":["WasmSqliteAdapter","initialize"],"fullName":"WasmSqliteAdapter initialize should throw when accessing uninitalized db","status":"passed","title":"should throw when accessing uninitalized db","duration":5.851800000000367,"failureMessages":[],"meta":{}},{"ancestorTitles":["WasmSqliteAdapter","createEntry"],"fullName":"WasmSqliteAdapter createEntry should create an entry with defaults","status":"passed","title":"should create an entry with defaults","duration":11.414299999999912,"failureMessages":[],"meta":{}},{"ancestorTitles":["WasmSqliteAdapter","createEntry"],"fullName":"WasmSqliteAdapter createEntry should create an entry with all fields","status":"passed","title":"should create an entry with all fields","duration":102.10619999999972,"failureMessages":[],"meta":{}},{"ancestorTitles":["WasmSqliteAdapter","getEntryById"],"fullName":"WasmSqliteAdapter getEntryById should return entry by ID","status":"passed","title":"should return entry by ID","duration":8.537000000000262,"failureMessages":[],"meta":{}},{"ancestorTitles":["WasmSqliteAdapter","getEntryById"],"fullName":"WasmSqliteAdapter getEntryById should return null for nonexistent ID","status":"passed","title":"should return null for nonexistent ID","duration":0.9151999999999134,"failureMessages":[],"meta":{}},{"ancestorTitles":["WasmSqliteAdapter","getEntryById"],"fullName":"WasmSqliteAdapter getEntryById should exclude soft-deleted entries","status":"passed","title":"should exclude soft-deleted entries","duration":32.39449999999988,"failureMessages":[],"meta":{}},{"ancestorTitles":["WasmSqliteAdapter","getEntryByIdIncludeDeleted"],"fullName":"WasmSqliteAdapter getEntryByIdIncludeDeleted should return soft-deleted entries","status":"passed","title":"should return soft-deleted entries","duration":6.4789999999998145,"failureMessages":[],"meta":{}},{"ancestorTitles":["WasmSqliteAdapter","getEntryByIdIncludeDeleted"],"fullName":"WasmSqliteAdapter getEntryByIdIncludeDeleted should return null for nonexistent ID","status":"passed","title":"should return null for nonexistent ID","duration":1.3923000000004322,"failureMessages":[],"meta":{}},{"ancestorTitles":["WasmSqliteAdapter","calculateImportance"],"fullName":"WasmSqliteAdapter calculateImportance should return 0 for nonexistent entry","status":"passed","title":"should return 0 for nonexistent entry","duration":123.61670000000004,"failureMessages":[],"meta":{}},{"ancestorTitles":["WasmSqliteAdapter","calculateImportance"],"fullName":"WasmSqliteAdapter calculateImportance should include recency component for fresh entries","status":"passed","title":"should include recency component for fresh entries","duration":29.23189999999977,"failureMessages":[],"meta":{}},{"ancestorTitles":["WasmSqliteAdapter","calculateImportance"],"fullName":"WasmSqliteAdapter calculateImportance should include significance component when set","status":"passed","title":"should include significance component when set","duration":4.02599999999984,"failureMessages":[],"meta":{}},{"ancestorTitles":["WasmSqliteAdapter","calculateImportance"],"fullName":"WasmSqliteAdapter calculateImportance should include relationship component","status":"passed","title":"should include relationship component","duration":27.69340000000011,"failureMessages":[],"meta":{}},{"ancestorTitles":["WasmSqliteAdapter","calculateImportance"],"fullName":"WasmSqliteAdapter calculateImportance should include causal component for causal relationships","status":"passed","title":"should include causal component for causal relationships","duration":20.53949999999986,"failureMessages":[],"meta":{}},{"ancestorTitles":["WasmSqliteAdapter","calculateImportance"],"fullName":"WasmSqliteAdapter calculateImportance should have score between 0 and 1","status":"passed","title":"should have score between 0 and 1","duration":24.29989999999998,"failureMessages":[],"meta":{}},{"ancestorTitles":["WasmSqliteAdapter","getRecentEntries"],"fullName":"WasmSqliteAdapter getRecentEntries should respect limit","status":"passed","title":"should respect limit","duration":3.9021999999999935,"failureMessages":[],"meta":{}},{"ancestorTitles":["WasmSqliteAdapter","getRecentEntries"],"fullName":"WasmSqliteAdapter getRecentEntries should filter by isPersonal","status":"passed","title":"should filter by isPersonal","duration":11.180099999999584,"failureMessages":[],"meta":{}},{"ancestorTitles":["WasmSqliteAdapter","getEntriesPage / getActiveEntryCount"],"fullName":"WasmSqliteAdapter getEntriesPage / getActiveEntryCount should return correct active count","status":"passed","title":"should return correct active count","duration":0.6278000000002066,"failureMessages":[],"meta":{}},{"ancestorTitles":["WasmSqliteAdapter","getEntriesPage / getActiveEntryCount"],"fullName":"WasmSqliteAdapter getEntriesPage / getActiveEntryCount should paginate through entries","status":"passed","title":"should paginate through entries","duration":2.804700000000139,"failureMessages":[],"meta":{}},{"ancestorTitles":["WasmSqliteAdapter","deleteEntry"],"fullName":"WasmSqliteAdapter deleteEntry should soft delete an entry","status":"passed","title":"should soft delete an entry","duration":4.288800000000265,"failureMessages":[],"meta":{}},{"ancestorTitles":["WasmSqliteAdapter","deleteEntry"],"fullName":"WasmSqliteAdapter deleteEntry should permanently delete an entry","status":"passed","title":"should permanently delete an entry","duration":5.309100000000399,"failureMessages":[],"meta":{}},{"ancestorTitles":["WasmSqliteAdapter","deleteEntry"],"fullName":"WasmSqliteAdapter deleteEntry should return false for nonexistent entry","status":"passed","title":"should return false for nonexistent entry","duration":0.619300000000294,"failureMessages":[],"meta":{}},{"ancestorTitles":["WasmSqliteAdapter","deleteEntry"],"fullName":"WasmSqliteAdapter deleteEntry should permanently delete a soft-deleted entry","status":"passed","title":"should permanently delete a soft-deleted entry","duration":5.346799999999803,"failureMessages":[],"meta":{}},{"ancestorTitles":["WasmSqliteAdapter","searchEntries"],"fullName":"WasmSqliteAdapter searchEntries should find entries by content","status":"passed","title":"should find entries by content","duration":40.028099999999995,"failureMessages":[],"meta":{}},{"ancestorTitles":["WasmSqliteAdapter","searchEntries"],"fullName":"WasmSqliteAdapter searchEntries should respect limit","status":"passed","title":"should respect limit","duration":1.5650000000000546,"failureMessages":[],"meta":{}},{"ancestorTitles":["WasmSqliteAdapter","searchEntries"],"fullName":"WasmSqliteAdapter searchEntries should filter by projectNumber","status":"passed","title":"should filter by projectNumber","duration":2.7082000000000335,"failureMessages":[],"meta":{}},{"ancestorTitles":["WasmSqliteAdapter","searchEntries"],"fullName":"WasmSqliteAdapter searchEntries should return empty for non-matching query","status":"passed","title":"should return empty for non-matching query","duration":1.151299999999992,"failureMessages":[],"meta":{}},{"ancestorTitles":["WasmSqliteAdapter","searchByDateRange"],"fullName":"WasmSqliteAdapter searchByDateRange should find entries within date range","status":"passed","title":"should find entries within date range","duration":51.69889999999987,"failureMessages":[],"meta":{}},{"ancestorTitles":["WasmSqliteAdapter","searchByDateRange"],"fullName":"WasmSqliteAdapter searchByDateRange should return empty for future date range","status":"passed","title":"should return empty for future date range","duration":2.8730000000000473,"failureMessages":[],"meta":{}},{"ancestorTitles":["WasmSqliteAdapter","linkEntries / getRelationships"],"fullName":"WasmSqliteAdapter linkEntries / getRelationships should create and retrieve a relationship","status":"passed","title":"should create and retrieve a relationship","duration":48.64940000000024,"failureMessages":[],"meta":{}},{"ancestorTitles":["WasmSqliteAdapter","linkEntries / getRelationships"],"fullName":"WasmSqliteAdapter linkEntries / getRelationships should retrieve relationships for an entry","status":"passed","title":"should retrieve relationships for an entry","duration":97.39249999999993,"failureMessages":[],"meta":{}},{"ancestorTitles":["WasmSqliteAdapter","linkEntries / getRelationships"],"fullName":"WasmSqliteAdapter linkEntries / getRelationships should throw for nonexistent source entry","status":"passed","title":"should throw for nonexistent source entry","duration":21.096799999999803,"failureMessages":[],"meta":{}},{"ancestorTitles":["WasmSqliteAdapter","linkEntries / getRelationships"],"fullName":"WasmSqliteAdapter linkEntries / getRelationships should throw for nonexistent target entry","status":"passed","title":"should throw for nonexistent target entry","duration":17.825199999999768,"failureMessages":[],"meta":{}},{"ancestorTitles":["WasmSqliteAdapter","linkEntries / getRelationships"],"fullName":"WasmSqliteAdapter linkEntries / getRelationships should support all relationship types","status":"passed","title":"should support all relationship types","duration":150.71799999999985,"failureMessages":[],"meta":{}},{"ancestorTitles":["WasmSqliteAdapter","tag operations"],"fullName":"WasmSqliteAdapter tag operations should list tags with usage","status":"passed","title":"should list tags with usage","duration":6.781600000000253,"failureMessages":[],"meta":{}},{"ancestorTitles":["WasmSqliteAdapter","tag operations"],"fullName":"WasmSqliteAdapter tag operations should get tags for an entry","status":"passed","title":"should get tags for an entry","duration":4.627700000000004,"failureMessages":[],"meta":{}},{"ancestorTitles":["WasmSqliteAdapter","tag operations"],"fullName":"WasmSqliteAdapter tag operations should merge tags","status":"passed","title":"should merge tags","duration":90.80189999999993,"failureMessages":[],"meta":{}},{"ancestorTitles":["WasmSqliteAdapter","tag operations"],"fullName":"WasmSqliteAdapter tag operations should throw when merging nonexistent source tag","status":"passed","title":"should throw when merging nonexistent source tag","duration":0.9720000000002074,"failureMessages":[],"meta":{}},{"ancestorTitles":["WasmSqliteAdapter","getStatistics"],"fullName":"WasmSqliteAdapter getStatistics should return statistics with day grouping","status":"passed","title":"should return statistics with day grouping","duration":5.024800000000141,"failureMessages":[],"meta":{}},{"ancestorTitles":["WasmSqliteAdapter","getStatistics"],"fullName":"WasmSqliteAdapter getStatistics should return statistics with week grouping","status":"passed","title":"should return statistics with week grouping","duration":2.0097999999998137,"failureMessages":[],"meta":{}},{"ancestorTitles":["WasmSqliteAdapter","getStatistics"],"fullName":"WasmSqliteAdapter getStatistics should return statistics with month grouping","status":"passed","title":"should return statistics with month grouping","duration":1.910899999999856,"failureMessages":[],"meta":{}},{"ancestorTitles":["WasmSqliteAdapter","getStatistics"],"fullName":"WasmSqliteAdapter getStatistics should include causal metrics","status":"passed","title":"should include causal metrics","duration":3.3760999999999513,"failureMessages":[],"meta":{}},{"ancestorTitles":["WasmSqliteAdapter","getStatistics"],"fullName":"WasmSqliteAdapter getStatistics should filter by date range","status":"passed","title":"should filter by date range","duration":6.41359999999986,"failureMessages":[],"meta":{}},{"ancestorTitles":["WasmSqliteAdapter","getStatistics"],"fullName":"WasmSqliteAdapter getStatistics should return 0 entries for future date range","status":"passed","title":"should return 0 entries for future date range","duration":1.9760999999998603,"failureMessages":[],"meta":{}},{"ancestorTitles":["WasmSqliteAdapter","getStatistics"],"fullName":"WasmSqliteAdapter getStatistics should not include dateRange when no dates provided","status":"passed","title":"should not include dateRange when no dates provided","duration":33.744300000000294,"failureMessages":[],"meta":{}},{"ancestorTitles":["WasmSqliteAdapter","getStatistics"],"fullName":"WasmSqliteAdapter getStatistics should return project breakdown when requested","status":"passed","title":"should return project breakdown when requested","duration":22.39300000000003,"failureMessages":[],"meta":{}},{"ancestorTitles":["WasmSqliteAdapter","getStatistics"],"fullName":"WasmSqliteAdapter getStatistics should not include projectBreakdown when not requested","status":"passed","title":"should not include projectBreakdown when not requested","duration":5.711900000000242,"failureMessages":[],"meta":{}},{"ancestorTitles":["WasmSqliteAdapter","getHealthStatus"],"fullName":"WasmSqliteAdapter getHealthStatus should return health status","status":"passed","title":"should return health status","duration":7.357199999999921,"failureMessages":[],"meta":{}},{"ancestorTitles":["WasmSqliteAdapter","backup operations"],"fullName":"WasmSqliteAdapter backup operations should export to backup file","status":"passed","title":"should export to backup file","duration":81.52610000000004,"failureMessages":[],"meta":{}},{"ancestorTitles":["WasmSqliteAdapter","backup operations"],"fullName":"WasmSqliteAdapter backup operations should list backup files","status":"passed","title":"should list backup files","duration":111.02379999999994,"failureMessages":[],"meta":{}},{"ancestorTitles":["WasmSqliteAdapter","backup operations"],"fullName":"WasmSqliteAdapter backup operations should delete old backups keeping only keepCount","status":"passed","title":"should delete old backups keeping only keepCount","duration":169.68859999999995,"failureMessages":[],"meta":{}},{"ancestorTitles":["WasmSqliteAdapter","backup operations"],"fullName":"WasmSqliteAdapter backup operations should restore from a backup file","status":"passed","title":"should restore from a backup file","duration":43.28620000000046,"failureMessages":[],"meta":{}},{"ancestorTitles":["WasmSqliteAdapter","backup operations"],"fullName":"WasmSqliteAdapter backup operations should get raw database handle","status":"passed","title":"should get raw database handle","duration":0.5363999999999578,"failureMessages":[],"meta":{}},{"ancestorTitles":["WasmSqliteAdapter","close"],"fullName":"WasmSqliteAdapter close should close without error","status":"passed","title":"should close without error","duration":0.6329999999998108,"failureMessages":[],"meta":{}},{"ancestorTitles":["WasmSqliteAdapter","updateEntry"],"fullName":"WasmSqliteAdapter updateEntry should update entry content","status":"passed","title":"should update entry content","duration":24.452699999999822,"failureMessages":[],"meta":{}},{"ancestorTitles":["WasmSqliteAdapter","updateEntry"],"fullName":"WasmSqliteAdapter updateEntry should update tags","status":"passed","title":"should update tags","duration":13.860599999999977,"failureMessages":[],"meta":{}},{"ancestorTitles":["WasmSqliteAdapter","updateEntry"],"fullName":"WasmSqliteAdapter updateEntry should return null for nonexistent entry","status":"passed","title":"should return null for nonexistent entry","duration":2.3351000000002387,"failureMessages":[],"meta":{}},{"ancestorTitles":["WasmSqliteAdapter","searchEntries - advanced filters"],"fullName":"WasmSqliteAdapter searchEntries - advanced filters should filter by issueNumber","status":"passed","title":"should filter by issueNumber","duration":3.4000999999998385,"failureMessages":[],"meta":{}},{"ancestorTitles":["WasmSqliteAdapter","searchEntries - advanced filters"],"fullName":"WasmSqliteAdapter searchEntries - advanced filters should filter by prNumber","status":"passed","title":"should filter by prNumber","duration":3.548399999999674,"failureMessages":[],"meta":{}},{"ancestorTitles":["WasmSqliteAdapter","searchEntries - advanced filters"],"fullName":"WasmSqliteAdapter searchEntries - advanced filters should filter by isPersonal","status":"passed","title":"should filter by isPersonal","duration":1.9272000000000844,"failureMessages":[],"meta":{}},{"ancestorTitles":["WasmSqliteAdapter","searchByDateRange - with type filter"],"fullName":"WasmSqliteAdapter searchByDateRange - with type filter should filter by entry type","status":"passed","title":"should filter by entry type","duration":1.7371000000002823,"failureMessages":[],"meta":{}},{"ancestorTitles":["WasmSqliteAdapter","searchByDateRange - with type filter"],"fullName":"WasmSqliteAdapter searchByDateRange - with type filter should filter by tags","status":"passed","title":"should filter by tags","duration":5.372200000000703,"failureMessages":[],"meta":{}},{"ancestorTitles":["WasmSqliteAdapter","backup edge cases"],"fullName":"WasmSqliteAdapter backup edge cases should return empty array when backups directory does not exist","status":"passed","title":"should return empty array when backups directory does not exist","duration":8.18960000000061,"failureMessages":[],"meta":{}},{"ancestorTitles":["WasmSqliteAdapter","backup edge cases"],"fullName":"WasmSqliteAdapter backup edge cases should throw when deleteOldBackups keepCount is less than 1","status":"passed","title":"should throw when deleteOldBackups keepCount is less than 1","duration":1.5330999999996493,"failureMessages":[],"meta":{}},{"ancestorTitles":["WasmSqliteAdapter","backup edge cases"],"fullName":"WasmSqliteAdapter backup edge cases should throw when restoring from non-existent backup file","status":"passed","title":"should throw when restoring from non-existent backup file","duration":2.726300000000265,"failureMessages":[],"meta":{}}],"startTime":1773346805248,"endTime":1773346806843.7263,"status":"passed","message":"","name":"C:/Users/chris/Desktop/memory-journal-mcp/tests/database/sqlite-adapter.test.ts"},{"assertionResults":[{"ancestorTitles":["TOOL_GROUPS"],"fullName":"TOOL_GROUPS should contain all 8 groups","status":"passed","title":"should contain all 8 groups","duration":7.836900000000014,"failureMessages":[],"meta":{}},{"ancestorTitles":["TOOL_GROUPS"],"fullName":"TOOL_GROUPS should have no duplicate tools across groups","status":"passed","title":"should have no duplicate tools across groups","duration":0.9272000000000844,"failureMessages":[],"meta":{}},{"ancestorTitles":["META_GROUPS"],"fullName":"META_GROUPS should define starter as core + search","status":"passed","title":"should define starter as core + search","duration":3.572499999999991,"failureMessages":[],"meta":{}},{"ancestorTitles":["META_GROUPS"],"fullName":"META_GROUPS should define essential as core only","status":"passed","title":"should define essential as core only","duration":0.6167000000000371,"failureMessages":[],"meta":{}},{"ancestorTitles":["META_GROUPS"],"fullName":"META_GROUPS should define full with all groups","status":"passed","title":"should define full with all groups","duration":1.0371999999999844,"failureMessages":[],"meta":{}},{"ancestorTitles":["META_GROUPS"],"fullName":"META_GROUPS should define readonly without admin, github, backup","status":"passed","title":"should define readonly without admin, github, backup","duration":1.8093000000001211,"failureMessages":[],"meta":{}},{"ancestorTitles":["getAllToolNames"],"fullName":"getAllToolNames should return all tools","status":"passed","title":"should return all tools","duration":0.7115000000001146,"failureMessages":[],"meta":{}},{"ancestorTitles":["getAllToolNames"],"fullName":"getAllToolNames should contain no duplicates","status":"passed","title":"should contain no duplicates","duration":0.506800000000112,"failureMessages":[],"meta":{}},{"ancestorTitles":["getAllToolNames"],"fullName":"getAllToolNames should include known tools","status":"passed","title":"should include known tools","duration":1.1408000000001266,"failureMessages":[],"meta":{}},{"ancestorTitles":["getToolGroup"],"fullName":"getToolGroup should return correct group for known tools","status":"passed","title":"should return correct group for known tools","duration":0.9085000000000036,"failureMessages":[],"meta":{}},{"ancestorTitles":["getToolGroup"],"fullName":"getToolGroup should return undefined for unknown tools","status":"passed","title":"should return undefined for unknown tools","duration":0.46050000000013824,"failureMessages":[],"meta":{}},{"ancestorTitles":["group validation via getToolGroup"],"fullName":"group validation via getToolGroup should identify valid groups from tool lookups","status":"passed","title":"should identify valid groups from tool lookups","duration":0.4293999999999869,"failureMessages":[],"meta":{}},{"ancestorTitles":["group validation via getToolGroup"],"fullName":"group validation via getToolGroup should return undefined for non-tool strings","status":"passed","title":"should return undefined for non-tool strings","duration":0.34950000000003456,"failureMessages":[],"meta":{}},{"ancestorTitles":["parseToolFilter"],"fullName":"parseToolFilter should parse a single group","status":"passed","title":"should parse a single group","duration":1.2697000000000571,"failureMessages":[],"meta":{}},{"ancestorTitles":["parseToolFilter"],"fullName":"parseToolFilter should parse multiple groups","status":"passed","title":"should parse multiple groups","duration":1.0398999999999887,"failureMessages":[],"meta":{}},{"ancestorTitles":["parseToolFilter"],"fullName":"parseToolFilter should parse meta-groups","status":"passed","title":"should parse meta-groups","duration":0.48060000000009495,"failureMessages":[],"meta":{}},{"ancestorTitles":["parseToolFilter"],"fullName":"parseToolFilter should parse group exclusion","status":"passed","title":"should parse group exclusion","duration":0.6824999999998909,"failureMessages":[],"meta":{}},{"ancestorTitles":["parseToolFilter"],"fullName":"parseToolFilter should parse tool exclusion","status":"passed","title":"should parse tool exclusion","duration":0.48060000000009495,"failureMessages":[],"meta":{}},{"ancestorTitles":["parseToolFilter"],"fullName":"parseToolFilter should parse tool addition with +","status":"passed","title":"should parse tool addition with +","duration":0.4721999999999298,"failureMessages":[],"meta":{}},{"ancestorTitles":["parseToolFilter"],"fullName":"parseToolFilter should store raw filter string","status":"passed","title":"should store raw filter string","duration":0.5844999999999345,"failureMessages":[],"meta":{}},{"ancestorTitles":["isToolEnabled"],"fullName":"isToolEnabled should return true for enabled tools","status":"passed","title":"should return true for enabled tools","duration":0.44620000000008986,"failureMessages":[],"meta":{}},{"ancestorTitles":["isToolEnabled"],
[...]
itle":"should include extra context in stderr output","duration":0.7717000000000098,"failureMessages":[],"meta":{}},{"ancestorTitles":["McpLogger","MCP server send"],"fullName":"McpLogger MCP server send should send via MCP protocol when server is set","status":"passed","title":"should send via MCP protocol when server is set","duration":6.349699999999984,"failureMessages":[],"meta":{}},{"ancestorTitles":["McpLogger","MCP server send"],"fullName":"McpLogger MCP server send should fall back to stderr if MCP send throws","status":"passed","title":"should fall back to stderr if MCP send throws","duration":1.4592999999999847,"failureMessages":[],"meta":{}},{"ancestorTitles":["McpLogger","convenience methods"],"fullName":"McpLogger convenience methods should log via debug()","status":"passed","title":"should log via debug()","duration":1.1024999999999636,"failureMessages":[],"meta":{}},{"ancestorTitles":["McpLogger","convenience methods"],"fullName":"McpLogger convenience methods should log via info()","status":"passed","title":"should log via info()","duration":0.8086000000000695,"failureMessages":[],"meta":{}},{"ancestorTitles":["McpLogger","convenience methods"],"fullName":"McpLogger convenience methods should log via notice()","status":"passed","title":"should log via notice()","duration":0.6471000000001368,"failureMessages":[],"meta":{}},{"ancestorTitles":["McpLogger","convenience methods"],"fullName":"McpLogger convenience methods should log via warning()","status":"passed","title":"should log via warning()","duration":0.6206999999999425,"failureMessages":[],"meta":{}},{"ancestorTitles":["McpLogger","convenience methods"],"fullName":"McpLogger convenience methods should log via error()","status":"passed","title":"should log via error()","duration":0.689200000000028,"failureMessages":[],"meta":{}},{"ancestorTitles":["McpLogger","convenience methods"],"fullName":"McpLogger convenience methods should log via critical()","status":"passed","title":"should log via critical()","duration":0.7816000000000258,"failureMessages":[],"meta":{}},{"ancestorTitles":["McpLogger","convenience methods"],"fullName":"McpLogger convenience methods should pass context through convenience methods","status":"passed","title":"should pass context through convenience methods","duration":0.5368000000000848,"failureMessages":[],"meta":{}},{"ancestorTitles":["McpLogger","singleton"],"fullName":"McpLogger singleton should export mcpLogger as a McpLogger instance","status":"passed","title":"should export mcpLogger as a McpLogger instance","duration":0.7730999999998858,"failureMessages":[],"meta":{}}],"startTime":1773346814972,"endTime":1773346815007.7732,"status":"passed","message":"","name":"C:/Users/chris/Desktop/memory-journal-mcp/tests/utils/mcp-logger.test.ts"},{"assertionResults":[{"ancestorTitles":["sendProgress"],"fullName":"sendProgress should no-op when context is undefined","status":"passed","title":"should no-op when context is undefined","duration":3.535899999999856,"failureMessages":[],"meta":{}},{"ancestorTitles":["sendProgress"],"fullName":"sendProgress should no-op when progressToken is undefined","status":"passed","title":"should no-op when progressToken is undefined","duration":4.3115999999999985,"failureMessages":[],"meta":{}},{"ancestorTitles":["sendProgress"],"fullName":"sendProgress should send notification with correct shape","status":"passed","title":"should send notification with correct shape","duration":5.841799999999921,"failureMessages":[],"meta":{}},{"ancestorTitles":["sendProgress"],"fullName":"sendProgress should omit total when undefined","status":"passed","title":"should omit total when undefined","duration":2.5715000000000146,"failureMessages":[],"meta":{}},{"ancestorTitles":["sendProgress"],"fullName":"sendProgress should omit message when undefined","status":"passed","title":"should omit message when undefined","duration":1.1078999999999724,"failureMessages":[],"meta":{}},{"ancestorTitles":["sendProgress"],"fullName":"sendProgress should omit message when empty string","status":"passed","title":"should omit message when empty string","duration":0.7485999999998967,"failureMessages":[],"meta":{}},{"ancestorTitles":["sendProgress"],"fullName":"sendProgress should accept numeric progressToken","status":"passed","title":"should accept numeric progressToken","duration":0.7720999999999094,"failureMessages":[],"meta":{}},{"ancestorTitles":["sendProgress"],"fullName":"sendProgress should silently handle notification errors","status":"passed","title":"should silently handle notification errors","duration":0.9465000000000146,"failureMessages":[],"meta":{}},{"ancestorTitles":["createBatchProgressReporter"],"fullName":"createBatchProgressReporter should report at throttle intervals","status":"passed","title":"should report at throttle intervals","duration":1.7326000000000477,"failureMessages":[],"meta":{}},{"ancestorTitles":["createBatchProgressReporter"],"fullName":"createBatchProgressReporter should always report on completion","status":"passed","title":"should always report on completion","duration":1.2163000000000466,"failureMessages":[],"meta":{}},{"ancestorTitles":["createBatchProgressReporter"],"fullName":"createBatchProgressReporter should skip intermediate items below throttle","status":"passed","title":"should skip intermediate items below throttle","duration":0.8310999999998785,"failureMessages":[],"meta":{}},{"ancestorTitles":["createBatchProgressReporter"],"fullName":"createBatchProgressReporter should work with undefined context","status":"passed","title":"should work with undefined context","duration":0.2940000000000964,"failureMessages":[],"meta":{}}],"startTime":1773346815006,"endTime":1773346815031.294,"status":"passed","message":"","name":"C:/Users/chris/Desktop/memory-journal-mcp/tests/utils/progress-utils.test.ts"},{"assertionResults":[{"ancestorTitles":["sanitizeErrorForLogging"],"fullName":"sanitizeErrorForLogging should redact GitHub classic PATs (ghp_)","status":"passed","title":"should redact GitHub classic PATs (ghp_)","duration":5.2029,"failureMessages":[],"meta":{}},{"ancestorTitles":["sanitizeErrorForLogging"],"fullName":"sanitizeErrorForLogging should redact GitHub fine-grained PATs (github_pat_)","status":"passed","title":"should redact GitHub fine-grained PATs (github_pat_)","duration":0.8081999999999425,"failureMessages":[],"meta":{}},{"ancestorTitles":["sanitizeErrorForLogging"],"fullName":"sanitizeErrorForLogging should redact Authorization headers with token","status":"passed","title":"should redact Authorization headers with token","duration":0.6123999999999796,"failureMessages":[],"meta":{}},{"ancestorTitles":["sanitizeErrorForLogging"],"fullName":"sanitizeErrorForLogging should redact Authorization headers with Bearer","status":"passed","title":"should redact Authorization headers with Bearer","duration":0.5946000000001277,"failureMessages":[],"meta":{}},{"ancestorTitles":["sanitizeErrorForLogging"],"fullName":"sanitizeErrorForLogging should redact generic Bearer tokens","status":"passed","title":"should redact generic Bearer tokens","duration":0.7822000000001026,"failureMessages":[],"meta":{}},{"ancestorTitles":["sanitizeErrorForLogging"],"fullName":"sanitizeErrorForLogging should pass through clean messages unchanged","status":"passed","title":"should pass through clean messages unchanged","duration":0.399199999999837,"failureMessages":[],"meta":{}},{"ancestorTitles":["sanitizeErrorForLogging"],"fullName":"sanitizeErrorForLogging should pass through empty string","status":"passed","title":"should pass through empty string","duration":0.64449999999988,"failureMessages":[],"meta":{}},{"ancestorTitles":["sanitizeErrorForLogging"],"fullName":"sanitizeErrorForLogging should handle multiple tokens in one message","status":"passed","title":"should handle multiple tokens in one message","duration":2.3759000000000015,"failureMessages":[],"meta":{}},{"ancestorTitles":["sanitizeErrorForLogging"],"fullName":"sanitizeErrorForLogging should be idempotent - calling twice yields same result","status":"passed","title":"should be idempotent - calling twice yields same result","duration":0.7663000000000011,"failureMessages":[],"meta":{}}],"startTime":1773346816197,"endTime":1773346816210.7664,"status":"passed","message":"","name":"C:/Users/chris/Desktop/memory-journal-mcp/tests/utils/security-utils.test.ts"},{"assertionResults":[{"ancestorTitles":["HttpTransport","constructor"],"fullName":"HttpTransport constructor should create instance with config","status":"passed","title":"should create instance with config","duration":4.790899999999965,"failureMessages":[],"meta":{}},{"ancestorTitles":["HttpTransport","start - stateless mode"],"fullName":"HttpTransport start - stateless mode should register routes and start server","status":"passed","title":"should register routes and start server","duration":9.277799999999843,"failureMessages":[],"meta":{}},{"ancestorTitles":["HttpTransport","start - stateless mode"],"fullName":"HttpTransport start - stateless mode should warn about wildcard CORS and no auth","status":"passed","title":"should warn about wildcard CORS and no auth","duration":2.8229999999998654,"failureMessages":[],"meta":{}},{"ancestorTitles":["HttpTransport","start - stateful mode with auth"],"fullName":"HttpTransport start - stateful mode with auth should setup auth middleware when token provided","status":"passed","title":"should setup auth middleware when token provided","duration":1.740900000000238,"failureMessages":[],"meta":{}},{"ancestorTitles":["HttpTransport","middleware behavior"],"fullName":"HttpTransport middleware behavior should set security headers on requests","status":"passed","title":"should set security headers on requests","duration":3.298999999999978,"failureMessages":[],"meta":{}},{"ancestorTitles":["HttpTransport","middleware behavior"],"fullName":"HttpTransport middleware behavior should set HSTS when enableHSTS is true","status":"passed","title":"should set HSTS when enableHSTS is true","duration":1.2928999999999178,"failureMessages":[],"meta":{}},{"ancestorTitles":["HttpTransport","middleware behavior"],"fullName":"HttpTransport middleware behavior should handle CORS OPTIONS preflight with 204","status":"passed","title":"should handle CORS OPTIONS preflight with 204","duration":1.1302999999998065,"failureMessages":[],"meta":{}},{"ancestorTitles":["HttpTransport","middleware behavior"],"fullName":"HttpTransport middleware behavior should pass non-OPTIONS requests through CORS middleware","status":"passed","title":"should pass non-OPTIONS requests through CORS middleware","duration":1.1055999999998676,"failureMessages":[],"meta":{}},{"ancestorTitles":["HttpTransport","route handlers"],"fullName":"HttpTransport route handlers should return healthy on GET /health","status":"passed","title":"should return healthy on GET /health","duration":5.215400000000045,"failureMessages":[],"meta":{}},{"ancestorTitles":["HttpTransport","route handlers"],"fullName":"HttpTransport route handlers should return server info on GET /","status":"passed","title":"should return server info on GET /","duration":2.020300000000134,"failureMessages":[],"meta":{}},{"ancestorTitles":["HttpTransport","route handlers"],"fullName":"HttpTransport route handlers should return 204 for OPTIONS via middleware","status":"passed","title":"should return 204 for OPTIONS via middleware","duration":1.7118000000000393,"failureMessages":[],"meta":{}},{"ancestorTitles":["HttpTransport","route handlers"],"fullName":"HttpTransport route handlers should pass non-OPTIONS requests through OPTIONS middleware","status":"passed","title":"should pass non-OPTIONS requests through OPTIONS middleware","duration":0.9336000000002969,"failureMessages":[],"meta":{}},{"ancestorTitles":["HttpTransport","route handlers"],"fullName":"HttpTransport route handlers should return 404 for unknown routes","status":"passed","title":"should return 404 for unknown routes","duration":1.1977999999999156,"failureMessages":[],"meta":{}},{"ancestorTitles":["HttpTransport","stateless /mcp routes"],"fullName":"HttpTransport stateless /mcp routes should return 405 for GET /mcp in stateless mode","status":"passed","title":"should return 405 for GET /mcp in stateless mode","duration":1.0803999999998268,"failureMessages":[],"meta":{}},{"ancestorTitles":["HttpTransport","stateless /mcp routes"],"fullName":"HttpTransport stateless /mcp routes should return 204 for DELETE /mcp in stateless mode","status":"passed","title":"should return 204 for DELETE /mcp in stateless mode","duration":0.9065999999997985,"failureMessages":[],"meta":{}},{"ancestorTitles":["HttpTransport","scheduler"],"fullName":"HttpTransport scheduler should start scheduler after server listen","status":"passed","title":"should start scheduler after server listen","duration":0.5558999999998377,"failureMessages":[],"meta":{}},{"ancestorTitles":["HttpTransport","stop"],"fullName":"HttpTransport stop should clean up on stop","status":"passed","title":"should clean up on stop","duration":0.7732999999998356,"failureMessages":[],"meta":{}},{"ancestorTitles":["HttpTransport","stop"],"fullName":"HttpTransport stop should stop scheduler on stop","status":"passed","title":"should stop scheduler on stop","duration":0.6369999999997162,"failureMessages":[],"meta":{}},{"ancestorTitles":["HttpTransport","auth middleware"],"fullName":"HttpTransport auth middleware should reject bad tokens with 401","status":"passed","title":"should reject bad tokens with 401","duration":2.838300000000345,"failureMessages":[],"meta":{}}],"startTime":1773346813203,"endTime":1773346813248.8384,"status":"passed","message":"","name":"C:/Users/chris/Desktop/memory-journal-mcp/tests/transports/http-transport.test.ts"},{"assertionResults":[{"ancestorTitles":["VectorSearchManager","isInitialized"],"fullName":"VectorSearchManager isInitialized should return false before initialize()","status":"passed","title":"should return false before initialize()","duration":14.884100000000217,"failureMessages":[],"meta":{}},{"ancestorTitles":["VectorSearchManager","isInitialized"],"fullName":"VectorSearchManager isInitialized should return true after initialize()","status":"passed","title":"should return true after initialize()","duration":21.978500000000167,"failureMessages":[],"meta":{}},{"ancestorTitles":["VectorSearchManager","initialize"],"fullName":"VectorSearchManager initialize should load pipeline and create index if needed","status":"passed","title":"should load pipeline and create index if needed","duration":3.951600000000326,"failureMessages":[],"meta":{}},{"ancestorTitles":["VectorSearchManager","initialize"],"fullName":"VectorSearchManager initialize should be idempotent","status":"passed","title":"should be idempotent","duration":3.5551000000000386,"failureMessages":[],"meta":{}},{"ancestorTitles":["VectorSearchManager","generateEmbedding"],"fullName":"VectorSearchManager generateEmbedding should generate embedding array from text","status":"passed","title":"should generate embedding array from text","duration":7.1185999999997875,"failureMessages":[],"meta":{}},{"ancestorTitles":["VectorSearchManager","generateEmbedding"],"fullName":"VectorSearchManager generateEmbedding should throw if not initialized","status":"passed","title":"should throw if not initialized","duration":4.255399999999554,"failureMessages":[],"meta":{}},{"ancestorTitles":["VectorSearchManager","addEntry"],"fullName":"VectorSearchManager addEntry should upsert entry via upsertItem","status":"passed","title":"should upsert entry via upsertItem","duration":11.609399999999823,"failureMessages":[],"meta":{}},{"ancestorTitles":["VectorSearchManager","addEntry"],"fullName":"VectorSearchManager addEntry should return false on error","status":"passed","title":"should return false on error","duration":3.541400000000067,"failureMessages":[],"meta":{}},{"ancestorTitles":["VectorSearchManager","search"],"fullName":"VectorSearchManager search should return filtered results above threshold","status":"passed","title":"should return filtered results above threshold","duration":2.962999999999738,"failureMessages":[],"meta":{}},{"ancestorTitles":["VectorSearchManager","search"],"fullName":"VectorSearchManager search should limit results to limit param","status":"passed","title":"should limit results to limit param","duration":2.2725000000000364,"failureMessages":[],"meta":{}},{"ancestorTitles":["VectorSearchManager","search"],"fullName":"VectorSearchManager search should return empty on error","status":"passed","title":"should return empty on error","duration":2.2226000000000568,"failureMessages":[],"meta":{}},{"ancestorTitles":["VectorSearchManager","removeEntry"],"fullName":"VectorSearchManager removeEntry should delete entry from index","status":"passed","title":"should delete entry from index","duration":1.6791000000002896,"failureMessages":[],"meta":{}},{"ancestorTitles":["VectorSearchManager","removeEntry"],"fullName":"VectorSearchManager removeEntry should return false if index not available","status":"passed","title":"should return false if index not available","duration":0.4072999999998501,"failureMessages":[],"meta":{}},{"ancestorTitles":["VectorSearchManager","removeEntry"],"fullName":"VectorSearchManager removeEntry should return false on delete error","status":"passed","title":"should return false on delete error","duration":1.3157999999998538,"failureMessages":[],"meta":{}},{"ancestorTitles":["VectorSearchManager","getStats"],"fullName":"VectorSearchManager getStats should return stats from index","status":"passed","title":"should return stats from index","duration":7.93100000000004,"failureMessages":[],"meta":{}},{"ancestorTitles":["VectorSearchManager","getStats"],"fullName":"VectorSearchManager getStats should return zero count when no index","status":"passed","title":"should return zero count when no index","duration":19.688000000000102,"failureMessages":[],"meta":{}},{"ancestorTitles":["VectorSearchManager","getStats"],"fullName":"VectorSearchManager getStats should return zero count on error","status":"passed","title":"should return zero count on error","duration":7.302299999999832,"failureMessages":[],"meta":{}},{"ancestorTitles":["VectorSearchManager","rebuildIndex"],"fullName":"VectorSearchManager rebuildIndex should rebuild from database entries","status":"passed","title":"should rebuild from database entries","duration":80.30560000000014,"failureMessages":[],"meta":{}},{"ancestorTitles":["VectorSearchManager","rebuildIndex"],"fullName":"VectorSearchManager rebuildIndex should handle orphan cleanup","status":"passed","title":"should handle orphan cleanup","duration":2.8245999999999185,"failureMessages":[],"meta":{}},{"ancestorTitles":["VectorSearchManager","rebuildIndex"],"fullName":"VectorSearchManager rebuildIndex should return 0 when index not available","status":"passed","title":"should return 0 when index not available","duration":1.6210999999998421,"failureMessages":[],"meta":{}},{"ancestorTitles":["VectorSearchManager","rebuildIndex"],"fullName":"VectorSearchManager rebuildIndex should recover from corrupted index","status":"passed","title":"should recover from corrupted index","duration":68.39329999999973,"failureMessages":[],"meta":{}},{"ancestorTitles":["VectorSearchManager","rebuildIndex"],"fullName":"VectorSearchManager rebuildIndex should skip entries with embedding failures","status":"passed","title":"should skip entries with embedding failures","duration":2.2416000000002896,"failureMessages":[],"meta":{}},{"ancestorTitles":["VectorSearchManager","initialize error"],"fullName":"VectorSearchManager initialize error should rethrow pipeline errors","status":"passed","title":"should rethrow pipeline errors","duration":1.9507000000003245,"failureMessages":[],"meta":{}}],"startTime":1773346811744,"endTime":1773346812022.9507,"status":"passed","message":"","name":"C:/Users/chris/Desktop/memory-journal-mcp/tests/vector/vector-search-manager.test.ts"}]}
